<?xml version="1.0" encoding="UTF-8"?>
<testsuite xmlns:xsi="http://www.w3.org/2001/XMLSchema-instance" xsi:noNamespaceSchemaLocation="https://maven.apache.org/surefire/maven-surefire-plugin/xsd/surefire-test-report-3.0.xsd" version="3.0" name="it.studyapp.application.integration.PasswordPresenterTest" time="2.843" tests="4" errors="0" skipped="0" failures="0">
  <properties>
[...]
</properties>
  <testcase name="token_correttamente_eliminato" classname="it.studyapp.application.integration.PasswordPresenterTest" time="0.141">
    <system-out><![CDATA[2023-12-30T14:43:29.285+01:00  INFO 32660 --- [Pool-1-worker-1] t.c.s.AnnotationConfigContextLoaderUtils : Could not detect default configuration classes for test class [it.studyapp.application.integration.PasswordPresenterTest]: PasswordPresenterTest does not declare any static, non-private, non-final, nested classes annotated with @Configuration.
2023-12-30T14:43:29.288+01:00  INFO 32660 --- [Pool-1-worker-1] .b.t.c.SpringBootTestContextBootstrapper : Found @SpringBootConfiguration it.studyapp.application.Application for test class it.studyapp.application.integration.PasswordPresenterTest
  _____ _                  ____ ____  __  __   _____      _             _       _ 
 |  ___| | _____      __  / ___|  _ \|  \/  | |_   _|   _| |_ ___  _ __(_) __ _| |
 | |_  | |/ _ \ \ /\ / / | |   | |_) | |\/| |   | || | | | __/ _ \| '__| |/ _` | |
 |  _| | | (_) \ V  V /  | |___|  _ <| |  | |   | || |_| | || (_) | |  | | (_| | |
 |_|   |_|\___/ \_/\_/    \____|_| \_\_|  |_|   |_| \__,_|\__\___/|_|  |_|\__,_|_|
                                                                                  

2023-12-30T14:43:29.322+01:00  INFO 32660 --- [Pool-1-worker-1] i.s.a.integration.PasswordPresenterTest  : Starting PasswordPresenterTest using Java 20.0.2 with PID 32660 (started by oland in C:\Users\oland\eclipse-workspace\SSD_01-2024_StudyApp)
2023-12-30T14:43:29.323+01:00  INFO 32660 --- [Pool-1-worker-1] i.s.a.integration.PasswordPresenterTest  : No active profile set, falling back to 1 default profile: "default"
2023-12-30T14:43:29.453+01:00  INFO 32660 --- [Pool-1-worker-1] .s.d.r.c.RepositoryConfigurationDelegate : Bootstrapping Spring Data JPA repositories in DEFAULT mode.
2023-12-30T14:43:29.485+01:00  INFO 32660 --- [Pool-1-worker-1] .s.d.r.c.RepositoryConfigurationDelegate : Finished Spring Data repository scanning in 31 ms. Found 9 JPA repository interfaces.
2023-12-30T14:43:29.527+01:00  INFO 32660 --- [Pool-1-worker-1] com.zaxxer.hikari.HikariDataSource       : HikariPool-17 - Starting...
2023-12-30T14:43:29.529+01:00  INFO 32660 --- [Pool-1-worker-1] com.zaxxer.hikari.pool.HikariPool        : HikariPool-17 - Added connection conn160: url=jdbc:h2:mem:testdb user=SA
2023-12-30T14:43:29.529+01:00  INFO 32660 --- [Pool-1-worker-1] com.zaxxer.hikari.HikariDataSource       : HikariPool-17 - Start completed.
2023-12-30T14:43:29.530+01:00  INFO 32660 --- [Pool-1-worker-1] o.hibernate.jpa.internal.util.LogHelper  : HHH000204: Processing PersistenceUnitInfo [name: default]
2023-12-30T14:43:29.537+01:00  INFO 32660 --- [Pool-1-worker-1] o.h.b.i.BytecodeProviderInitiator        : HHH000021: Bytecode provider name : bytebuddy
2023-12-30T14:43:29.537+01:00  INFO 32660 --- [Pool-1-worker-1] o.s.o.j.p.SpringPersistenceUnitInfo      : No LoadTimeWeaver setup: ignoring JPA class transformer
2023-12-30T14:43:29.553+01:00  INFO 32660 --- [Pool-1-worker-1] o.h.b.i.BytecodeProviderInitiator        : HHH000021: Bytecode provider name : bytebuddy
2023-12-30T14:43:29.627+01:00  INFO 32660 --- [Pool-1-worker-1] o.h.e.t.j.p.i.JtaPlatformInitiator       : HHH000490: Using JtaPlatform implementation: [org.hibernate.engine.transaction.jta.platform.internal.NoJtaPlatform]
2023-12-30T14:43:29.635+01:00  INFO 32660 --- [Pool-1-worker-1] j.LocalContainerEntityManagerFactoryBean : Initialized JPA EntityManagerFactory for persistence unit 'default'
2023-12-30T14:43:29.734+01:00  WARN 32660 --- [Pool-1-worker-1] JpaBaseConfiguration$JpaWebConfiguration : spring.jpa.open-in-view is enabled by default. Therefore, database queries may be performed during view rendering. Explicitly configure spring.jpa.open-in-view to disable this warning
2023-12-30T14:43:29.742+01:00  INFO 32660 --- [Pool-1-worker-1] o.hibernate.id.enhanced.PooledOptimizer  : HHH000201: Pooled optimizer source reported [BasicHolder[java.lang.Long[0]]] as the initial value; use of 1 or greater highly recommended
2023-12-30T14:43:29.752+01:00  INFO 32660 --- [Pool-1-worker-1] o.s.s.web.DefaultSecurityFilterChain     : Will secure any request with [org.springframework.security.web.session.DisableEncodeUrlFilter@186f2fa8, org.springframework.security.web.context.request.async.WebAsyncManagerIntegrationFilter@4404c6ee, org.springframework.security.web.context.SecurityContextHolderFilter@4267a431, org.springframework.security.web.header.HeaderWriterFilter@a490c2f, org.springframework.security.web.csrf.CsrfFilter@7576ba62, org.springframework.security.web.authentication.logout.LogoutFilter@1453ebb2, org.springframework.security.web.authentication.UsernamePasswordAuthenticationFilter@13ea581c, org.springframework.security.web.savedrequest.RequestCacheAwareFilter@202a3b5, org.springframework.security.web.servletapi.SecurityContextHolderAwareRequestFilter@2980c5a9, org.springframework.security.web.authentication.AnonymousAuthenticationFilter@26516cb2, org.springframework.security.web.access.ExceptionTranslationFilter@595c783, org.springframework.security.web.access.intercept.AuthorizationFilter@2cd9cdd9]
2023-12-30T14:43:29.830+01:00  INFO 32660 --- [Pool-1-worker-1] o.s.b.t.m.w.SpringBootMockServletContext : Initializing Spring TestDispatcherServlet ''
2023-12-30T14:43:29.831+01:00  INFO 32660 --- [Pool-1-worker-1] o.s.t.web.servlet.TestDispatcherServlet  : Initializing Servlet ''
2023-12-30T14:43:29.831+01:00  INFO 32660 --- [Pool-1-worker-1] o.s.t.web.servlet.TestDispatcherServlet  : Completed initialization in 0 ms
2023-12-30T14:43:29.836+01:00  INFO 32660 --- [Pool-1-worker-1] i.s.a.integration.PasswordPresenterTest  : Started PasswordPresenterTest in 0.543 seconds (process running for 20.247)
2023-12-30T14:43:29.979+01:00  INFO 32660 --- [Pool-1-worker-1] j.LocalContainerEntityManagerFactoryBean : Closing JPA EntityManagerFactory for persistence unit 'default'
2023-12-30T14:43:29.980+01:00  INFO 32660 --- [Pool-1-worker-1] com.zaxxer.hikari.HikariDataSource       : HikariPool-17 - Shutdown initiated...
2023-12-30T14:43:29.981+01:00  INFO 32660 --- [Pool-1-worker-1] com.zaxxer.hikari.HikariDataSource       : HikariPool-17 - Shutdown completed.
]]></system-out>
  </testcase>
  <testcase name="password_cambiata_correttamente" classname="it.studyapp.application.integration.PasswordPresenterTest" time="0.199">
    <system-out><![CDATA[  _____ _                  ____ ____  __  __   _____      _             _       _ 
 |  ___| | _____      __  / ___|  _ \|  \/  | |_   _|   _| |_ ___  _ __(_) __ _| |
 | |_  | |/ _ \ \ /\ / / | |   | |_) | |\/| |   | || | | | __/ _ \| '__| |/ _` | |
 |  _| | | (_) \ V  V /  | |___|  _ <| |  | |   | || |_| | || (_) | |  | | (_| | |
 |_|   |_|\___/ \_/\_/    \____|_| \_\_|  |_|   |_| \__,_|\__\___/|_|  |_|\__,_|_|
                                                                                  

2023-12-30T14:43:30.000+01:00  INFO 32660 --- [Pool-1-worker-1] i.s.a.integration.PasswordPresenterTest  : Starting PasswordPresenterTest using Java 20.0.2 with PID 32660 (started by oland in C:\Users\oland\eclipse-workspace\SSD_01-2024_StudyApp)
2023-12-30T14:43:30.001+01:00  INFO 32660 --- [Pool-1-worker-1] i.s.a.integration.PasswordPresenterTest  : No active profile set, falling back to 1 default profile: "default"
2023-12-30T14:43:30.106+01:00  INFO 32660 --- [Pool-1-worker-1] .s.d.r.c.RepositoryConfigurationDelegate : Bootstrapping Spring Data JPA repositories in DEFAULT mode.
2023-12-30T14:43:30.136+01:00  INFO 32660 --- [Pool-1-worker-1] .s.d.r.c.RepositoryConfigurationDelegate : Finished Spring Data repository scanning in 29 ms. Found 9 JPA repository interfaces.
2023-12-30T14:43:30.178+01:00  INFO 32660 --- [Pool-1-worker-1] com.zaxxer.hikari.HikariDataSource       : HikariPool-18 - Starting...
2023-12-30T14:43:30.179+01:00  INFO 32660 --- [Pool-1-worker-1] com.zaxxer.hikari.pool.HikariPool        : HikariPool-18 - Added connection conn170: url=jdbc:h2:mem:testdb user=SA
2023-12-30T14:43:30.179+01:00  INFO 32660 --- [Pool-1-worker-1] com.zaxxer.hikari.HikariDataSource       : HikariPool-18 - Start completed.
2023-12-30T14:43:30.180+01:00  INFO 32660 --- [Pool-1-worker-1] o.hibernate.jpa.internal.util.LogHelper  : HHH000204: Processing PersistenceUnitInfo [name: default]
2023-12-30T14:43:30.187+01:00  INFO 32660 --- [Pool-1-worker-1] o.h.b.i.BytecodeProviderInitiator        : HHH000021: Bytecode provider name : bytebuddy
2023-12-30T14:43:30.188+01:00  INFO 32660 --- [Pool-1-worker-1] o.s.o.j.p.SpringPersistenceUnitInfo      : No LoadTimeWeaver setup: ignoring JPA class transformer
2023-12-30T14:43:30.205+01:00  INFO 32660 --- [Pool-1-worker-1] o.h.b.i.BytecodeProviderInitiator        : HHH000021: Bytecode provider name : bytebuddy
2023-12-30T14:43:30.281+01:00  INFO 32660 --- [Pool-1-worker-1] o.h.e.t.j.p.i.JtaPlatformInitiator       : HHH000490: Using JtaPlatform implementation: [org.hibernate.engine.transaction.jta.platform.internal.NoJtaPlatform]
2023-12-30T14:43:30.290+01:00  INFO 32660 --- [Pool-1-worker-1] j.LocalContainerEntityManagerFactoryBean : Initialized JPA EntityManagerFactory for persistence unit 'default'
2023-12-30T14:43:30.416+01:00  WARN 32660 --- [Pool-1-worker-1] JpaBaseConfiguration$JpaWebConfiguration : spring.jpa.open-in-view is enabled by default. Therefore, database queries may be performed during view rendering. Explicitly configure spring.jpa.open-in-view to disable this warning
2023-12-30T14:43:30.427+01:00  INFO 32660 --- [Pool-1-worker-1] o.hibernate.id.enhanced.PooledOptimizer  : HHH000201: Pooled optimizer source reported [BasicHolder[java.lang.Long[0]]] as the initial value; use of 1 or greater highly recommended
2023-12-30T14:43:30.439+01:00  INFO 32660 --- [Pool-1-worker-1] o.s.s.web.DefaultSecurityFilterChain     : Will secure any request with [org.springframework.security.web.session.DisableEncodeUrlFilter@4af44c5c, org.springframework.security.web.context.request.async.WebAsyncManagerIntegrationFilter@7c89a5e4, org.springframework.security.web.context.SecurityContextHolderFilter@7c261ed2, org.springframework.security.web.header.HeaderWriterFilter@305c93c2, org.springframework.security.web.csrf.CsrfFilter@5e0c23b1, org.springframework.security.web.authentication.logout.LogoutFilter@3e055d1a, org.springframework.security.web.authentication.UsernamePasswordAuthenticationFilter@5e8d371a, org.springframework.security.web.savedrequest.RequestCacheAwareFilter@4388bb4c, org.springframework.security.web.servletapi.SecurityContextHolderAwareRequestFilter@260f5885, org.springframework.security.web.authentication.AnonymousAuthenticationFilter@2be56e38, org.springframework.security.web.access.ExceptionTranslationFilter@3d6b0131, org.springframework.security.web.access.intercept.AuthorizationFilter@64466fb2]
2023-12-30T14:43:30.529+01:00  INFO 32660 --- [Pool-1-worker-1] o.s.b.t.m.w.SpringBootMockServletContext : Initializing Spring TestDispatcherServlet ''
2023-12-30T14:43:30.529+01:00  INFO 32660 --- [Pool-1-worker-1] o.s.t.web.servlet.TestDispatcherServlet  : Initializing Servlet ''
2023-12-30T14:43:30.530+01:00  INFO 32660 --- [Pool-1-worker-1] o.s.t.web.servlet.TestDispatcherServlet  : Completed initialization in 1 ms
2023-12-30T14:43:30.535+01:00  INFO 32660 --- [Pool-1-worker-1] i.s.a.integration.PasswordPresenterTest  : Started PasswordPresenterTest in 0.552 seconds (process running for 20.947)
2023-12-30T14:43:30.735+01:00  INFO 32660 --- [Pool-1-worker-1] j.LocalContainerEntityManagerFactoryBean : Closing JPA EntityManagerFactory for persistence unit 'default'
2023-12-30T14:43:30.736+01:00  INFO 32660 --- [Pool-1-worker-1] com.zaxxer.hikari.HikariDataSource       : HikariPool-18 - Shutdown initiated...
2023-12-30T14:43:30.737+01:00  INFO 32660 --- [Pool-1-worker-1] com.zaxxer.hikari.HikariDataSource       : HikariPool-18 - Shutdown completed.
]]></system-out>
  </testcase>
  <testcase name="controllo_password" classname="it.studyapp.application.integration.PasswordPresenterTest" time="0.191">
    <system-out><![CDATA[  _____ _                  ____ ____  __  __   _____      _             _       _ 
 |  ___| | _____      __  / ___|  _ \|  \/  | |_   _|   _| |_ ___  _ __(_) __ _| |
 | |_  | |/ _ \ \ /\ / / | |   | |_) | |\/| |   | || | | | __/ _ \| '__| |/ _` | |
 |  _| | | (_) \ V  V /  | |___|  _ <| |  | |   | || |_| | || (_) | |  | | (_| | |
 |_|   |_|\___/ \_/\_/    \____|_| \_\_|  |_|   |_| \__,_|\__\___/|_|  |_|\__,_|_|
                                                                                  

2023-12-30T14:43:30.757+01:00  INFO 32660 --- [Pool-1-worker-1] i.s.a.integration.PasswordPresenterTest  : Starting PasswordPresenterTest using Java 20.0.2 with PID 32660 (started by oland in C:\Users\oland\eclipse-workspace\SSD_01-2024_StudyApp)
2023-12-30T14:43:30.757+01:00  INFO 32660 --- [Pool-1-worker-1] i.s.a.integration.PasswordPresenterTest  : No active profile set, falling back to 1 default profile: "default"
2023-12-30T14:43:30.864+01:00  INFO 32660 --- [Pool-1-worker-1] .s.d.r.c.RepositoryConfigurationDelegate : Bootstrapping Spring Data JPA repositories in DEFAULT mode.
2023-12-30T14:43:30.891+01:00  INFO 32660 --- [Pool-1-worker-1] .s.d.r.c.RepositoryConfigurationDelegate : Finished Spring Data repository scanning in 26 ms. Found 9 JPA repository interfaces.
2023-12-30T14:43:30.931+01:00  INFO 32660 --- [Pool-1-worker-1] com.zaxxer.hikari.HikariDataSource       : HikariPool-19 - Starting...
2023-12-30T14:43:30.932+01:00  INFO 32660 --- [Pool-1-worker-1] com.zaxxer.hikari.pool.HikariPool        : HikariPool-19 - Added connection conn180: url=jdbc:h2:mem:testdb user=SA
2023-12-30T14:43:30.932+01:00  INFO 32660 --- [Pool-1-worker-1] com.zaxxer.hikari.HikariDataSource       : HikariPool-19 - Start completed.
2023-12-30T14:43:30.934+01:00  INFO 32660 --- [Pool-1-worker-1] o.hibernate.jpa.internal.util.LogHelper  : HHH000204: Processing PersistenceUnitInfo [name: default]
2023-12-30T14:43:30.942+01:00  INFO 32660 --- [Pool-1-worker-1] o.h.b.i.BytecodeProviderInitiator        : HHH000021: Bytecode provider name : bytebuddy
2023-12-30T14:43:30.942+01:00  INFO 32660 --- [Pool-1-worker-1] o.s.o.j.p.SpringPersistenceUnitInfo      : No LoadTimeWeaver setup: ignoring JPA class transformer
2023-12-30T14:43:30.961+01:00  INFO 32660 --- [Pool-1-worker-1] o.h.b.i.BytecodeProviderInitiator        : HHH000021: Bytecode provider name : bytebuddy
2023-12-30T14:43:31.036+01:00  INFO 32660 --- [Pool-1-worker-1] o.h.e.t.j.p.i.JtaPlatformInitiator       : HHH000490: Using JtaPlatform implementation: [org.hibernate.engine.transaction.jta.platform.internal.NoJtaPlatform]
2023-12-30T14:43:31.044+01:00  INFO 32660 --- [Pool-1-worker-1] j.LocalContainerEntityManagerFactoryBean : Initialized JPA EntityManagerFactory for persistence unit 'default'
2023-12-30T14:43:31.152+01:00  WARN 32660 --- [Pool-1-worker-1] JpaBaseConfiguration$JpaWebConfiguration : spring.jpa.open-in-view is enabled by default. Therefore, database queries may be performed during view rendering. Explicitly configure spring.jpa.open-in-view to disable this warning
2023-12-30T14:43:31.160+01:00  INFO 32660 --- [Pool-1-worker-1] o.hibernate.id.enhanced.PooledOptimizer  : HHH000201: Pooled optimizer source reported [BasicHolder[java.lang.Long[0]]] as the initial value; use of 1 or greater highly recommended
2023-12-30T14:43:31.174+01:00  INFO 32660 --- [Pool-1-worker-1] o.s.s.web.DefaultSecurityFilterChain     : Will secure any request with [org.springframework.security.web.session.DisableEncodeUrlFilter@3604e3f6, org.springframework.security.web.context.request.async.WebAsyncManagerIntegrationFilter@6d03c365, org.springframework.security.web.context.SecurityContextHolderFilter@2c059726, org.springframework.security.web.header.HeaderWriterFilter@15bc5b18, org.springframework.security.web.csrf.CsrfFilter@1d297b25, org.springframework.security.web.authentication.logout.LogoutFilter@7187a0e8, org.springframework.security.web.authentication.UsernamePasswordAuthenticationFilter@7a488cb7, org.springframework.security.web.savedrequest.RequestCacheAwareFilter@7aa331d0, org.springframework.security.web.servletapi.SecurityContextHolderAwareRequestFilter@6284a08, org.springframework.security.web.authentication.AnonymousAuthenticationFilter@119dfe75, org.springframework.security.web.access.ExceptionTranslationFilter@27ab7b8f, org.springframework.security.web.access.intercept.AuthorizationFilter@567542e2]
2023-12-30T14:43:31.260+01:00  INFO 32660 --- [Pool-1-worker-1] o.s.b.t.m.w.SpringBootMockServletContext : Initializing Spring TestDispatcherServlet ''
2023-12-30T14:43:31.260+01:00  INFO 32660 --- [Pool-1-worker-1] o.s.t.web.servlet.TestDispatcherServlet  : Initializing Servlet ''
2023-12-30T14:43:31.261+01:00  INFO 32660 --- [Pool-1-worker-1] o.s.t.web.servlet.TestDispatcherServlet  : Completed initialization in 1 ms
2023-12-30T14:43:31.266+01:00  INFO 32660 --- [Pool-1-worker-1] i.s.a.integration.PasswordPresenterTest  : Started PasswordPresenterTest in 0.526 seconds (process running for 21.677)
2023-12-30T14:43:31.458+01:00  INFO 32660 --- [Pool-1-worker-1] j.LocalContainerEntityManagerFactoryBean : Closing JPA EntityManagerFactory for persistence unit 'default'
2023-12-30T14:43:31.459+01:00  INFO 32660 --- [Pool-1-worker-1] com.zaxxer.hikari.HikariDataSource       : HikariPool-19 - Shutdown initiated...
2023-12-30T14:43:31.460+01:00  INFO 32660 --- [Pool-1-worker-1] com.zaxxer.hikari.HikariDataSource       : HikariPool-19 - Shutdown completed.
]]></system-out>
  </testcase>
  <testcase name="password_cambiata_tramite_token" classname="it.studyapp.application.integration.PasswordPresenterTest" time="0.196">
    <system-out><![CDATA[  _____ _                  ____ ____  __  __   _____      _             _       _ 
 |  ___| | _____      __  / ___|  _ \|  \/  | |_   _|   _| |_ ___  _ __(_) __ _| |
 | |_  | |/ _ \ \ /\ / / | |   | |_) | |\/| |   | || | | | __/ _ \| '__| |/ _` | |
 |  _| | | (_) \ V  V /  | |___|  _ <| |  | |   | || |_| | || (_) | |  | | (_| | |
 |_|   |_|\___/ \_/\_/    \____|_| \_\_|  |_|   |_| \__,_|\__\___/|_|  |_|\__,_|_|
                                                                                  

2023-12-30T14:43:31.477+01:00  INFO 32660 --- [Pool-1-worker-1] i.s.a.integration.PasswordPresenterTest  : Starting PasswordPresenterTest using Java 20.0.2 with PID 32660 (started by oland in C:\Users\oland\eclipse-workspace\SSD_01-2024_StudyApp)
2023-12-30T14:43:31.477+01:00  INFO 32660 --- [Pool-1-worker-1] i.s.a.integration.PasswordPresenterTest  : No active profile set, falling back to 1 default profile: "default"
2023-12-30T14:43:31.580+01:00  INFO 32660 --- [Pool-1-worker-1] .s.d.r.c.RepositoryConfigurationDelegate : Bootstrapping Spring Data JPA repositories in DEFAULT mode.
2023-12-30T14:43:31.606+01:00  INFO 32660 --- [Pool-1-worker-1] .s.d.r.c.RepositoryConfigurationDelegate : Finished Spring Data repository scanning in 25 ms. Found 9 JPA repository interfaces.
2023-12-30T14:43:31.640+01:00  INFO 32660 --- [Pool-1-worker-1] com.zaxxer.hikari.HikariDataSource       : HikariPool-20 - Starting...
2023-12-30T14:43:31.642+01:00  INFO 32660 --- [Pool-1-worker-1] com.zaxxer.hikari.pool.HikariPool        : HikariPool-20 - Added connection conn190: url=jdbc:h2:mem:testdb user=SA
2023-12-30T14:43:31.642+01:00  INFO 32660 --- [Pool-1-worker-1] com.zaxxer.hikari.HikariDataSource       : HikariPool-20 - Start completed.
2023-12-30T14:43:31.643+01:00  INFO 32660 --- [Pool-1-worker-1] o.hibernate.jpa.internal.util.LogHelper  : HHH000204: Processing PersistenceUnitInfo [name: default]
2023-12-30T14:43:31.649+01:00  INFO 32660 --- [Pool-1-worker-1] o.h.b.i.BytecodeProviderInitiator        : HHH000021: Bytecode provider name : bytebuddy
2023-12-30T14:43:31.649+01:00  INFO 32660 --- [Pool-1-worker-1] o.s.o.j.p.SpringPersistenceUnitInfo      : No LoadTimeWeaver setup: ignoring JPA class transformer
2023-12-30T14:43:31.665+01:00  INFO 32660 --- [Pool-1-worker-1] o.h.b.i.BytecodeProviderInitiator        : HHH000021: Bytecode provider name : bytebuddy
2023-12-30T14:43:31.727+01:00  INFO 32660 --- [Pool-1-worker-1] o.h.e.t.j.p.i.JtaPlatformInitiator       : HHH000490: Using JtaPlatform implementation: [org.hibernate.engine.transaction.jta.platform.internal.NoJtaPlatform]
2023-12-30T14:43:31.733+01:00  INFO 32660 --- [Pool-1-worker-1] j.LocalContainerEntityManagerFactoryBean : Initialized JPA EntityManagerFactory for persistence unit 'default'
2023-12-30T14:43:31.832+01:00  WARN 32660 --- [Pool-1-worker-1] JpaBaseConfiguration$JpaWebConfiguration : spring.jpa.open-in-view is enabled by default. Therefore, database queries may be performed during view rendering. Explicitly configure spring.jpa.open-in-view to disable this warning
2023-12-30T14:43:31.840+01:00  INFO 32660 --- [Pool-1-worker-1] o.hibernate.id.enhanced.PooledOptimizer  : HHH000201: Pooled optimizer source reported [BasicHolder[java.lang.Long[0]]] as the initial value; use of 1 or greater highly recommended
2023-12-30T14:43:31.852+01:00  INFO 32660 --- [Pool-1-worker-1] o.s.s.web.DefaultSecurityFilterChain     : Will secure any request with [org.springframework.security.web.session.DisableEncodeUrlFilter@475baacd, org.springframework.security.web.context.request.async.WebAsyncManagerIntegrationFilter@61fa2347, org.springframework.security.web.context.SecurityContextHolderFilter@6c8632d, org.springframework.security.web.header.HeaderWriterFilter@2a1f8882, org.springframework.security.web.csrf.CsrfFilter@43ab42c2, org.springframework.security.web.authentication.logout.LogoutFilter@788092bf, org.springframework.security.web.authentication.UsernamePasswordAuthenticationFilter@3b32c27e, org.springframework.security.web.savedrequest.RequestCacheAwareFilter@1f6c9c64, org.springframework.security.web.servletapi.SecurityContextHolderAwareRequestFilter@6b998142, org.springframework.security.web.authentication.AnonymousAuthenticationFilter@40fdf5ce, org.springframework.security.web.access.ExceptionTranslationFilter@29fbaf44, org.springframework.security.web.access.intercept.AuthorizationFilter@2440bcda]
2023-12-30T14:43:31.922+01:00  INFO 32660 --- [Pool-1-worker-1] o.s.b.t.m.w.SpringBootMockServletContext : Initializing Spring TestDispatcherServlet ''
2023-12-30T14:43:31.922+01:00  INFO 32660 --- [Pool-1-worker-1] o.s.t.web.servlet.TestDispatcherServlet  : Initializing Servlet ''
2023-12-30T14:43:31.922+01:00  INFO 32660 --- [Pool-1-worker-1] o.s.t.web.servlet.TestDispatcherServlet  : Completed initialization in 0 ms
2023-12-30T14:43:31.927+01:00  INFO 32660 --- [Pool-1-worker-1] i.s.a.integration.PasswordPresenterTest  : Started PasswordPresenterTest in 0.465 seconds (process running for 22.339)
2023-12-30T14:43:32.123+01:00  INFO 32660 --- [Pool-1-worker-1] j.LocalContainerEntityManagerFactoryBean : Closing JPA EntityManagerFactory for persistence unit 'default'
2023-12-30T14:43:32.124+01:00  INFO 32660 --- [Pool-1-worker-1] com.zaxxer.hikari.HikariDataSource       : HikariPool-20 - Shutdown initiated...
2023-12-30T14:43:32.125+01:00  INFO 32660 --- [Pool-1-worker-1] com.zaxxer.hikari.HikariDataSource       : HikariPool-20 - Shutdown completed.
]]></system-out>
  </testcase>
</testsuite>