<?xml version="1.0" encoding="UTF-8"?>
<testsuite xmlns:xsi="http://www.w3.org/2001/XMLSchema-instance" xsi:noNamespaceSchemaLocation="https://maven.apache.org/surefire/maven-surefire-plugin/xsd/surefire-test-report-3.0.xsd" version="3.0" name="it.studyapp.application.integration.SessionPresenterTest" time="8.829" tests="18" errors="0" skipped="0" failures="0">
  <properties>
[...]
</properties>
  <testcase name="participant_non_ha_richiesta_dopo_rimozione_sessione" classname="it.studyapp.application.integration.SessionPresenterTest" time="0.049">
    <system-out><![CDATA[2023-12-30T14:43:35.089+01:00  INFO 32660 --- [Pool-1-worker-1] t.c.s.AnnotationConfigContextLoaderUtils : Could not detect default configuration classes for test class [it.studyapp.application.integration.SessionPresenterTest]: SessionPresenterTest does not declare any static, non-private, non-final, nested classes annotated with @Configuration.
2023-12-30T14:43:35.092+01:00  INFO 32660 --- [Pool-1-worker-1] .b.t.c.SpringBootTestContextBootstrapper : Found @SpringBootConfiguration it.studyapp.application.Application for test class it.studyapp.application.integration.SessionPresenterTest
  _____ _                  ____ ____  __  __   _____      _             _       _ 
 |  ___| | _____      __  / ___|  _ \|  \/  | |_   _|   _| |_ ___  _ __(_) __ _| |
 | |_  | |/ _ \ \ /\ / / | |   | |_) | |\/| |   | || | | | __/ _ \| '__| |/ _` | |
 |  _| | | (_) \ V  V /  | |___|  _ <| |  | |   | || |_| | || (_) | |  | | (_| | |
 |_|   |_|\___/ \_/\_/    \____|_| \_\_|  |_|   |_| \__,_|\__\___/|_|  |_|\__,_|_|
                                                                                  

2023-12-30T14:43:35.113+01:00  INFO 32660 --- [Pool-1-worker-1] i.s.a.integration.SessionPresenterTest   : Starting SessionPresenterTest using Java 20.0.2 with PID 32660 (started by oland in C:\Users\oland\eclipse-workspace\SSD_01-2024_StudyApp)
2023-12-30T14:43:35.113+01:00  INFO 32660 --- [Pool-1-worker-1] i.s.a.integration.SessionPresenterTest   : No active profile set, falling back to 1 default profile: "default"
2023-12-30T14:43:35.226+01:00  INFO 32660 --- [Pool-1-worker-1] .s.d.r.c.RepositoryConfigurationDelegate : Bootstrapping Spring Data JPA repositories in DEFAULT mode.
2023-12-30T14:43:35.255+01:00  INFO 32660 --- [Pool-1-worker-1] .s.d.r.c.RepositoryConfigurationDelegate : Finished Spring Data repository scanning in 29 ms. Found 9 JPA repository interfaces.
2023-12-30T14:43:35.290+01:00  INFO 32660 --- [Pool-1-worker-1] com.zaxxer.hikari.HikariDataSource       : HikariPool-26 - Starting...
2023-12-30T14:43:35.292+01:00  INFO 32660 --- [Pool-1-worker-1] com.zaxxer.hikari.pool.HikariPool        : HikariPool-26 - Added connection conn250: url=jdbc:h2:mem:testdb user=SA
2023-12-30T14:43:35.292+01:00  INFO 32660 --- [Pool-1-worker-1] com.zaxxer.hikari.HikariDataSource       : HikariPool-26 - Start completed.
2023-12-30T14:43:35.295+01:00  INFO 32660 --- [Pool-1-worker-1] o.hibernate.jpa.internal.util.LogHelper  : HHH000204: Processing PersistenceUnitInfo [name: default]
2023-12-30T14:43:35.301+01:00  INFO 32660 --- [Pool-1-worker-1] o.h.b.i.BytecodeProviderInitiator        : HHH000021: Bytecode provider name : bytebuddy
2023-12-30T14:43:35.301+01:00  INFO 32660 --- [Pool-1-worker-1] o.s.o.j.p.SpringPersistenceUnitInfo      : No LoadTimeWeaver setup: ignoring JPA class transformer
2023-12-30T14:43:35.317+01:00  INFO 32660 --- [Pool-1-worker-1] o.h.b.i.BytecodeProviderInitiator        : HHH000021: Bytecode provider name : bytebuddy
2023-12-30T14:43:35.382+01:00  INFO 32660 --- [Pool-1-worker-1] o.h.e.t.j.p.i.JtaPlatformInitiator       : HHH000490: Using JtaPlatform implementation: [org.hibernate.engine.transaction.jta.platform.internal.NoJtaPlatform]
2023-12-30T14:43:35.387+01:00  INFO 32660 --- [Pool-1-worker-1] j.LocalContainerEntityManagerFactoryBean : Initialized JPA EntityManagerFactory for persistence unit 'default'
2023-12-30T14:43:35.501+01:00  WARN 32660 --- [Pool-1-worker-1] JpaBaseConfiguration$JpaWebConfiguration : spring.jpa.open-in-view is enabled by default. Therefore, database queries may be performed during view rendering. Explicitly configure spring.jpa.open-in-view to disable this warning
2023-12-30T14:43:35.510+01:00  INFO 32660 --- [Pool-1-worker-1] o.hibernate.id.enhanced.PooledOptimizer  : HHH000201: Pooled optimizer source reported [BasicHolder[java.lang.Long[0]]] as the initial value; use of 1 or greater highly recommended
2023-12-30T14:43:35.521+01:00  INFO 32660 --- [Pool-1-worker-1] o.s.s.web.DefaultSecurityFilterChain     : Will secure any request with [org.springframework.security.web.session.DisableEncodeUrlFilter@321ebad4, org.springframework.security.web.context.request.async.WebAsyncManagerIntegrationFilter@26fefbf9, org.springframework.security.web.context.SecurityContextHolderFilter@143d93bf, org.springframework.security.web.header.HeaderWriterFilter@66a1c55a, org.springframework.security.web.csrf.CsrfFilter@564e25b9, org.springframework.security.web.authentication.logout.LogoutFilter@1d57b5f4, org.springframework.security.web.authentication.UsernamePasswordAuthenticationFilter@1246557d, org.springframework.security.web.savedrequest.RequestCacheAwareFilter@33791f6c, org.springframework.security.web.servletapi.SecurityContextHolderAwareRequestFilter@d6cfd63, org.springframework.security.web.authentication.AnonymousAuthenticationFilter@3300d16d, org.springframework.security.web.access.ExceptionTranslationFilter@b96b7af, org.springframework.security.web.access.intercept.AuthorizationFilter@cc3350e]
2023-12-30T14:43:35.593+01:00  INFO 32660 --- [Pool-1-worker-1] o.s.b.t.m.w.SpringBootMockServletContext : Initializing Spring TestDispatcherServlet ''
2023-12-30T14:43:35.593+01:00  INFO 32660 --- [Pool-1-worker-1] o.s.t.web.servlet.TestDispatcherServlet  : Initializing Servlet ''
2023-12-30T14:43:35.593+01:00  INFO 32660 --- [Pool-1-worker-1] o.s.t.web.servlet.TestDispatcherServlet  : Completed initialization in 0 ms
2023-12-30T14:43:35.598+01:00  INFO 32660 --- [Pool-1-worker-1] i.s.a.integration.SessionPresenterTest   : Started SessionPresenterTest in 0.501 seconds (process running for 26.01)
2023-12-30T14:43:35.647+01:00  INFO 32660 --- [Pool-1-worker-1] j.LocalContainerEntityManagerFactoryBean : Closing JPA EntityManagerFactory for persistence unit 'default'
2023-12-30T14:43:35.648+01:00  INFO 32660 --- [Pool-1-worker-1] com.zaxxer.hikari.HikariDataSource       : HikariPool-26 - Shutdown initiated...
2023-12-30T14:43:35.649+01:00  INFO 32660 --- [Pool-1-worker-1] com.zaxxer.hikari.HikariDataSource       : HikariPool-26 - Shutdown completed.
]]></system-out>
  </testcase>
  <testcase name="evento_calendario_relativo_a_sessione_creato_correttamente" classname="it.studyapp.application.integration.SessionPresenterTest" time="0.026">
    <system-out><![CDATA[  _____ _                  ____ ____  __  __   _____      _             _       _ 
 |  ___| | _____      __  / ___|  _ \|  \/  | |_   _|   _| |_ ___  _ __(_) __ _| |
 | |_  | |/ _ \ \ /\ / / | |   | |_) | |\/| |   | || | | | __/ _ \| '__| |/ _` | |
 |  _| | | (_) \ V  V /  | |___|  _ <| |  | |   | || |_| | || (_) | |  | | (_| | |
 |_|   |_|\___/ \_/\_/    \____|_| \_\_|  |_|   |_| \__,_|\__\___/|_|  |_|\__,_|_|
                                                                                  

2023-12-30T14:43:35.672+01:00  INFO 32660 --- [Pool-1-worker-1] i.s.a.integration.SessionPresenterTest   : Starting SessionPresenterTest using Java 20.0.2 with PID 32660 (started by oland in C:\Users\oland\eclipse-workspace\SSD_01-2024_StudyApp)
2023-12-30T14:43:35.672+01:00  INFO 32660 --- [Pool-1-worker-1] i.s.a.integration.SessionPresenterTest   : No active profile set, falling back to 1 default profile: "default"
2023-12-30T14:43:35.784+01:00  INFO 32660 --- [Pool-1-worker-1] .s.d.r.c.RepositoryConfigurationDelegate : Bootstrapping Spring Data JPA repositories in DEFAULT mode.
2023-12-30T14:43:35.811+01:00  INFO 32660 --- [Pool-1-worker-1] .s.d.r.c.RepositoryConfigurationDelegate : Finished Spring Data repository scanning in 27 ms. Found 9 JPA repository interfaces.
2023-12-30T14:43:35.851+01:00  INFO 32660 --- [Pool-1-worker-1] com.zaxxer.hikari.HikariDataSource       : HikariPool-27 - Starting...
2023-12-30T14:43:35.852+01:00  INFO 32660 --- [Pool-1-worker-1] com.zaxxer.hikari.pool.HikariPool        : HikariPool-27 - Added connection conn260: url=jdbc:h2:mem:testdb user=SA
2023-12-30T14:43:35.853+01:00  INFO 32660 --- [Pool-1-worker-1] com.zaxxer.hikari.HikariDataSource       : HikariPool-27 - Start completed.
2023-12-30T14:43:35.854+01:00  INFO 32660 --- [Pool-1-worker-1] o.hibernate.jpa.internal.util.LogHelper  : HHH000204: Processing PersistenceUnitInfo [name: default]
2023-12-30T14:43:35.861+01:00  INFO 32660 --- [Pool-1-worker-1] o.h.b.i.BytecodeProviderInitiator        : HHH000021: Bytecode provider name : bytebuddy
2023-12-30T14:43:35.861+01:00  INFO 32660 --- [Pool-1-worker-1] o.s.o.j.p.SpringPersistenceUnitInfo      : No LoadTimeWeaver setup: ignoring JPA class transformer
2023-12-30T14:43:35.876+01:00  INFO 32660 --- [Pool-1-worker-1] o.h.b.i.BytecodeProviderInitiator        : HHH000021: Bytecode provider name : bytebuddy
2023-12-30T14:43:35.942+01:00  INFO 32660 --- [Pool-1-worker-1] o.h.e.t.j.p.i.JtaPlatformInitiator       : HHH000490: Using JtaPlatform implementation: [org.hibernate.engine.transaction.jta.platform.internal.NoJtaPlatform]
2023-12-30T14:43:35.948+01:00  INFO 32660 --- [Pool-1-worker-1] j.LocalContainerEntityManagerFactoryBean : Initialized JPA EntityManagerFactory for persistence unit 'default'
2023-12-30T14:43:36.016+01:00  WARN 32660 --- [Pool-1-worker-1] JpaBaseConfiguration$JpaWebConfiguration : spring.jpa.open-in-view is enabled by default. Therefore, database queries may be performed during view rendering. Explicitly configure spring.jpa.open-in-view to disable this warning
2023-12-30T14:43:36.022+01:00  INFO 32660 --- [Pool-1-worker-1] o.hibernate.id.enhanced.PooledOptimizer  : HHH000201: Pooled optimizer source reported [BasicHolder[java.lang.Long[0]]] as the initial value; use of 1 or greater highly recommended
2023-12-30T14:43:36.032+01:00  INFO 32660 --- [Pool-1-worker-1] o.s.s.web.DefaultSecurityFilterChain     : Will secure any request with [org.springframework.security.web.session.DisableEncodeUrlFilter@4620a63, org.springframework.security.web.context.request.async.WebAsyncManagerIntegrationFilter@6723c36b, org.springframework.security.web.context.SecurityContextHolderFilter@1e160277, org.springframework.security.web.header.HeaderWriterFilter@46837538, org.springframework.security.web.csrf.CsrfFilter@4a3252f1, org.springframework.security.web.authentication.logout.LogoutFilter@163f1038, org.springframework.security.web.authentication.UsernamePasswordAuthenticationFilter@6ab269dd, org.springframework.security.web.savedrequest.RequestCacheAwareFilter@466b7e9e, org.springframework.security.web.servletapi.SecurityContextHolderAwareRequestFilter@65632bc6, org.springframework.security.web.authentication.AnonymousAuthenticationFilter@716b1d46, org.springframework.security.web.access.ExceptionTranslationFilter@44dcfef3, org.springframework.security.web.access.intercept.AuthorizationFilter@77fc3455]
2023-12-30T14:43:36.101+01:00  INFO 32660 --- [Pool-1-worker-1] o.s.b.t.m.w.SpringBootMockServletContext : Initializing Spring TestDispatcherServlet ''
2023-12-30T14:43:36.101+01:00  INFO 32660 --- [Pool-1-worker-1] o.s.t.web.servlet.TestDispatcherServlet  : Initializing Servlet ''
2023-12-30T14:43:36.101+01:00  INFO 32660 --- [Pool-1-worker-1] o.s.t.web.servlet.TestDispatcherServlet  : Completed initialization in 0 ms
2023-12-30T14:43:36.107+01:00  INFO 32660 --- [Pool-1-worker-1] i.s.a.integration.SessionPresenterTest   : Started SessionPresenterTest in 0.454 seconds (process running for 26.519)
2023-12-30T14:43:36.133+01:00  INFO 32660 --- [Pool-1-worker-1] j.LocalContainerEntityManagerFactoryBean : Closing JPA EntityManagerFactory for persistence unit 'default'
2023-12-30T14:43:36.134+01:00  INFO 32660 --- [Pool-1-worker-1] com.zaxxer.hikari.HikariDataSource       : HikariPool-27 - Shutdown initiated...
2023-12-30T14:43:36.135+01:00  INFO 32660 --- [Pool-1-worker-1] com.zaxxer.hikari.HikariDataSource       : HikariPool-27 - Shutdown completed.
]]></system-out>
  </testcase>
  <testcase name="owner_non_ha_sessione_dopo_rimozione" classname="it.studyapp.application.integration.SessionPresenterTest" time="0.034">
    <system-out><![CDATA[  _____ _                  ____ ____  __  __   _____      _             _       _ 
 |  ___| | _____      __  / ___|  _ \|  \/  | |_   _|   _| |_ ___  _ __(_) __ _| |
 | |_  | |/ _ \ \ /\ / / | |   | |_) | |\/| |   | || | | | __/ _ \| '__| |/ _` | |
 |  _| | | (_) \ V  V /  | |___|  _ <| |  | |   | || |_| | || (_) | |  | | (_| | |
 |_|   |_|\___/ \_/\_/    \____|_| \_\_|  |_|   |_| \__,_|\__\___/|_|  |_|\__,_|_|
                                                                                  

2023-12-30T14:43:36.157+01:00  INFO 32660 --- [Pool-1-worker-1] i.s.a.integration.SessionPresenterTest   : Starting SessionPresenterTest using Java 20.0.2 with PID 32660 (started by oland in C:\Users\oland\eclipse-workspace\SSD_01-2024_StudyApp)
2023-12-30T14:43:36.157+01:00  INFO 32660 --- [Pool-1-worker-1] i.s.a.integration.SessionPresenterTest   : No active profile set, falling back to 1 default profile: "default"
2023-12-30T14:43:36.272+01:00  INFO 32660 --- [Pool-1-worker-1] .s.d.r.c.RepositoryConfigurationDelegate : Bootstrapping Spring Data JPA repositories in DEFAULT mode.
2023-12-30T14:43:36.302+01:00  INFO 32660 --- [Pool-1-worker-1] .s.d.r.c.RepositoryConfigurationDelegate : Finished Spring Data repository scanning in 29 ms. Found 9 JPA repository interfaces.
2023-12-30T14:43:36.337+01:00  INFO 32660 --- [Pool-1-worker-1] com.zaxxer.hikari.HikariDataSource       : HikariPool-28 - Starting...
2023-12-30T14:43:36.339+01:00  INFO 32660 --- [Pool-1-worker-1] com.zaxxer.hikari.pool.HikariPool        : HikariPool-28 - Added connection conn270: url=jdbc:h2:mem:testdb user=SA
2023-12-30T14:43:36.339+01:00  INFO 32660 --- [Pool-1-worker-1] com.zaxxer.hikari.HikariDataSource       : HikariPool-28 - Start completed.
2023-12-30T14:43:36.340+01:00  INFO 32660 --- [Pool-1-worker-1] o.hibernate.jpa.internal.util.LogHelper  : HHH000204: Processing PersistenceUnitInfo [name: default]
2023-12-30T14:43:36.347+01:00  INFO 32660 --- [Pool-1-worker-1] o.h.b.i.BytecodeProviderInitiator        : HHH000021: Bytecode provider name : bytebuddy
2023-12-30T14:43:36.347+01:00  INFO 32660 --- [Pool-1-worker-1] o.s.o.j.p.SpringPersistenceUnitInfo      : No LoadTimeWeaver setup: ignoring JPA class transformer
2023-12-30T14:43:36.361+01:00  INFO 32660 --- [Pool-1-worker-1] o.h.b.i.BytecodeProviderInitiator        : HHH000021: Bytecode provider name : bytebuddy
2023-12-30T14:43:36.426+01:00  INFO 32660 --- [Pool-1-worker-1] o.h.e.t.j.p.i.JtaPlatformInitiator       : HHH000490: Using JtaPlatform implementation: [org.hibernate.engine.transaction.jta.platform.internal.NoJtaPlatform]
2023-12-30T14:43:36.431+01:00  INFO 32660 --- [Pool-1-worker-1] j.LocalContainerEntityManagerFactoryBean : Initialized JPA EntityManagerFactory for persistence unit 'default'
2023-12-30T14:43:36.497+01:00  WARN 32660 --- [Pool-1-worker-1] JpaBaseConfiguration$JpaWebConfiguration : spring.jpa.open-in-view is enabled by default. Therefore, database queries may be performed during view rendering. Explicitly configure spring.jpa.open-in-view to disable this warning
2023-12-30T14:43:36.505+01:00  INFO 32660 --- [Pool-1-worker-1] o.hibernate.id.enhanced.PooledOptimizer  : HHH000201: Pooled optimizer source reported [BasicHolder[java.lang.Long[0]]] as the initial value; use of 1 or greater highly recommended
2023-12-30T14:43:36.513+01:00  INFO 32660 --- [Pool-1-worker-1] o.s.s.web.DefaultSecurityFilterChain     : Will secure any request with [org.springframework.security.web.session.DisableEncodeUrlFilter@1dd7aa5a, org.springframework.security.web.context.request.async.WebAsyncManagerIntegrationFilter@49190146, org.springframework.security.web.context.SecurityContextHolderFilter@59671720, org.springframework.security.web.header.HeaderWriterFilter@6b552294, org.springframework.security.web.csrf.CsrfFilter@7cbc35d9, org.springframework.security.web.authentication.logout.LogoutFilter@7784060, org.springframework.security.web.authentication.UsernamePasswordAuthenticationFilter@58e99a67, org.springframework.security.web.savedrequest.RequestCacheAwareFilter@4468f328, org.springframework.security.web.servletapi.SecurityContextHolderAwareRequestFilter@24445211, org.springframework.security.web.authentication.AnonymousAuthenticationFilter@b615e57, org.springframework.security.web.access.ExceptionTranslationFilter@53266d51, org.springframework.security.web.access.intercept.AuthorizationFilter@2580c4e]
2023-12-30T14:43:36.568+01:00  INFO 32660 --- [Pool-1-worker-1] o.s.b.t.m.w.SpringBootMockServletContext : Initializing Spring TestDispatcherServlet ''
2023-12-30T14:43:36.568+01:00  INFO 32660 --- [Pool-1-worker-1] o.s.t.web.servlet.TestDispatcherServlet  : Initializing Servlet ''
2023-12-30T14:43:36.569+01:00  INFO 32660 --- [Pool-1-worker-1] o.s.t.web.servlet.TestDispatcherServlet  : Completed initialization in 1 ms
2023-12-30T14:43:36.573+01:00  INFO 32660 --- [Pool-1-worker-1] i.s.a.integration.SessionPresenterTest   : Started SessionPresenterTest in 0.435 seconds (process running for 26.984)
2023-12-30T14:43:36.606+01:00  INFO 32660 --- [Pool-1-worker-1] j.LocalContainerEntityManagerFactoryBean : Closing JPA EntityManagerFactory for persistence unit 'default'
2023-12-30T14:43:36.607+01:00  INFO 32660 --- [Pool-1-worker-1] com.zaxxer.hikari.HikariDataSource       : HikariPool-28 - Shutdown initiated...
2023-12-30T14:43:36.608+01:00  INFO 32660 --- [Pool-1-worker-1] com.zaxxer.hikari.HikariDataSource       : HikariPool-28 - Shutdown completed.
]]></system-out>
  </testcase>
  <testcase name="owner_abbandona_sessione_eliminandola" classname="it.studyapp.application.integration.SessionPresenterTest" time="0.042">
    <system-out><![CDATA[  _____ _                  ____ ____  __  __   _____      _             _       _ 
 |  ___| | _____      __  / ___|  _ \|  \/  | |_   _|   _| |_ ___  _ __(_) __ _| |
 | |_  | |/ _ \ \ /\ / / | |   | |_) | |\/| |   | || | | | __/ _ \| '__| |/ _` | |
 |  _| | | (_) \ V  V /  | |___|  _ <| |  | |   | || |_| | || (_) | |  | | (_| | |
 |_|   |_|\___/ \_/\_/    \____|_| \_\_|  |_|   |_| \__,_|\__\___/|_|  |_|\__,_|_|
                                                                                  

2023-12-30T14:43:36.625+01:00  INFO 32660 --- [Pool-1-worker-1] i.s.a.integration.SessionPresenterTest   : Starting SessionPresenterTest using Java 20.0.2 with PID 32660 (started by oland in C:\Users\oland\eclipse-workspace\SSD_01-2024_StudyApp)
2023-12-30T14:43:36.625+01:00  INFO 32660 --- [Pool-1-worker-1] i.s.a.integration.SessionPresenterTest   : No active profile set, falling back to 1 default profile: "default"
2023-12-30T14:43:36.727+01:00  INFO 32660 --- [Pool-1-worker-1] .s.d.r.c.RepositoryConfigurationDelegate : Bootstrapping Spring Data JPA repositories in DEFAULT mode.
2023-12-30T14:43:36.756+01:00  INFO 32660 --- [Pool-1-worker-1] .s.d.r.c.RepositoryConfigurationDelegate : Finished Spring Data repository scanning in 28 ms. Found 9 JPA repository interfaces.
2023-12-30T14:43:36.801+01:00  INFO 32660 --- [Pool-1-worker-1] com.zaxxer.hikari.HikariDataSource       : HikariPool-29 - Starting...
2023-12-30T14:43:36.802+01:00  INFO 32660 --- [Pool-1-worker-1] com.zaxxer.hikari.pool.HikariPool        : HikariPool-29 - Added connection conn280: url=jdbc:h2:mem:testdb user=SA
2023-12-30T14:43:36.802+01:00  INFO 32660 --- [Pool-1-worker-1] com.zaxxer.hikari.HikariDataSource       : HikariPool-29 - Start completed.
2023-12-30T14:43:36.804+01:00  INFO 32660 --- [Pool-1-worker-1] o.hibernate.jpa.internal.util.LogHelper  : HHH000204: Processing PersistenceUnitInfo [name: default]
2023-12-30T14:43:36.810+01:00  INFO 32660 --- [Pool-1-worker-1] o.h.b.i.BytecodeProviderInitiator        : HHH000021: Bytecode provider name : bytebuddy
2023-12-30T14:43:36.810+01:00  INFO 32660 --- [Pool-1-worker-1] o.s.o.j.p.SpringPersistenceUnitInfo      : No LoadTimeWeaver setup: ignoring JPA class transformer
2023-12-30T14:43:36.826+01:00  INFO 32660 --- [Pool-1-worker-1] o.h.b.i.BytecodeProviderInitiator        : HHH000021: Bytecode provider name : bytebuddy
2023-12-30T14:43:36.889+01:00  INFO 32660 --- [Pool-1-worker-1] o.h.e.t.j.p.i.JtaPlatformInitiator       : HHH000490: Using JtaPlatform implementation: [org.hibernate.engine.transaction.jta.platform.internal.NoJtaPlatform]
2023-12-30T14:43:36.894+01:00  INFO 32660 --- [Pool-1-worker-1] j.LocalContainerEntityManagerFactoryBean : Initialized JPA EntityManagerFactory for persistence unit 'default'
2023-12-30T14:43:36.963+01:00  WARN 32660 --- [Pool-1-worker-1] JpaBaseConfiguration$JpaWebConfiguration : spring.jpa.open-in-view is enabled by default. Therefore, database queries may be performed during view rendering. Explicitly configure spring.jpa.open-in-view to disable this warning
2023-12-30T14:43:36.969+01:00  INFO 32660 --- [Pool-1-worker-1] o.hibernate.id.enhanced.PooledOptimizer  : HHH000201: Pooled optimizer source reported [BasicHolder[java.lang.Long[0]]] as the initial value; use of 1 or greater highly recommended
2023-12-30T14:43:36.978+01:00  INFO 32660 --- [Pool-1-worker-1] o.s.s.web.DefaultSecurityFilterChain     : Will secure any request with [org.springframework.security.web.session.DisableEncodeUrlFilter@622a89a8, org.springframework.security.web.context.request.async.WebAsyncManagerIntegrationFilter@68c598f2, org.springframework.security.web.context.SecurityContextHolderFilter@3e976f71, org.springframework.security.web.header.HeaderWriterFilter@59328f24, org.springframework.security.web.csrf.CsrfFilter@64dbc1ba, org.springframework.security.web.authentication.logout.LogoutFilter@41b82437, org.springframework.security.web.authentication.UsernamePasswordAuthenticationFilter@62338045, org.springframework.security.web.savedrequest.RequestCacheAwareFilter@47bbf08, org.springframework.security.web.servletapi.SecurityContextHolderAwareRequestFilter@957c28a, org.springframework.security.web.authentication.AnonymousAuthenticationFilter@735f9e93, org.springframework.security.web.access.ExceptionTranslationFilter@3387c4c1, org.springframework.security.web.access.intercept.AuthorizationFilter@2f9682e3]
2023-12-30T14:43:37.030+01:00  INFO 32660 --- [Pool-1-worker-1] o.s.b.t.m.w.SpringBootMockServletContext : Initializing Spring TestDispatcherServlet ''
2023-12-30T14:43:37.030+01:00  INFO 32660 --- [Pool-1-worker-1] o.s.t.web.servlet.TestDispatcherServlet  : Initializing Servlet ''
2023-12-30T14:43:37.031+01:00  INFO 32660 --- [Pool-1-worker-1] o.s.t.web.servlet.TestDispatcherServlet  : Completed initialization in 1 ms
2023-12-30T14:43:37.035+01:00  INFO 32660 --- [Pool-1-worker-1] i.s.a.integration.SessionPresenterTest   : Started SessionPresenterTest in 0.423 seconds (process running for 27.447)
2023-12-30T14:43:37.076+01:00  INFO 32660 --- [Pool-1-worker-1] j.LocalContainerEntityManagerFactoryBean : Closing JPA EntityManagerFactory for persistence unit 'default'
2023-12-30T14:43:37.077+01:00  INFO 32660 --- [Pool-1-worker-1] com.zaxxer.hikari.HikariDataSource       : HikariPool-29 - Shutdown initiated...
2023-12-30T14:43:37.078+01:00  INFO 32660 --- [Pool-1-worker-1] com.zaxxer.hikari.HikariDataSource       : HikariPool-29 - Shutdown completed.
]]></system-out>
  </testcase>
  <testcase name="participant_abbandona_sessione" classname="it.studyapp.application.integration.SessionPresenterTest" time="0.064">
    <system-out><![CDATA[  _____ _                  ____ ____  __  __   _____      _             _       _ 
 |  ___| | _____      __  / ___|  _ \|  \/  | |_   _|   _| |_ ___  _ __(_) __ _| |
 | |_  | |/ _ \ \ /\ / / | |   | |_) | |\/| |   | || | | | __/ _ \| '__| |/ _` | |
 |  _| | | (_) \ V  V /  | |___|  _ <| |  | |   | || |_| | || (_) | |  | | (_| | |
 |_|   |_|\___/ \_/\_/    \____|_| \_\_|  |_|   |_| \__,_|\__\___/|_|  |_|\__,_|_|
                                                                                  

2023-12-30T14:43:37.098+01:00  INFO 32660 --- [Pool-1-worker-1] i.s.a.integration.SessionPresenterTest   : Starting SessionPresenterTest using Java 20.0.2 with PID 32660 (started by oland in C:\Users\oland\eclipse-workspace\SSD_01-2024_StudyApp)
2023-12-30T14:43:37.098+01:00  INFO 32660 --- [Pool-1-worker-1] i.s.a.integration.SessionPresenterTest   : No active profile set, falling back to 1 default profile: "default"
2023-12-30T14:43:37.199+01:00  INFO 32660 --- [Pool-1-worker-1] .s.d.r.c.RepositoryConfigurationDelegate : Bootstrapping Spring Data JPA repositories in DEFAULT mode.
2023-12-30T14:43:37.232+01:00  INFO 32660 --- [Pool-1-worker-1] .s.d.r.c.RepositoryConfigurationDelegate : Finished Spring Data repository scanning in 33 ms. Found 9 JPA repository interfaces.
2023-12-30T14:43:37.264+01:00  INFO 32660 --- [Pool-1-worker-1] com.zaxxer.hikari.HikariDataSource       : HikariPool-30 - Starting...
2023-12-30T14:43:37.265+01:00  INFO 32660 --- [Pool-1-worker-1] com.zaxxer.hikari.pool.HikariPool        : HikariPool-30 - Added connection conn290: url=jdbc:h2:mem:testdb user=SA
2023-12-30T14:43:37.265+01:00  INFO 32660 --- [Pool-1-worker-1] com.zaxxer.hikari.HikariDataSource       : HikariPool-30 - Start completed.
2023-12-30T14:43:37.266+01:00  INFO 32660 --- [Pool-1-worker-1] o.hibernate.jpa.internal.util.LogHelper  : HHH000204: Processing PersistenceUnitInfo [name: default]
2023-12-30T14:43:37.271+01:00  INFO 32660 --- [Pool-1-worker-1] o.h.b.i.BytecodeProviderInitiator        : HHH000021: Bytecode provider name : bytebuddy
2023-12-30T14:43:37.272+01:00  INFO 32660 --- [Pool-1-worker-1] o.s.o.j.p.SpringPersistenceUnitInfo      : No LoadTimeWeaver setup: ignoring JPA class transformer
2023-12-30T14:43:37.288+01:00  INFO 32660 --- [Pool-1-worker-1] o.h.b.i.BytecodeProviderInitiator        : HHH000021: Bytecode provider name : bytebuddy
2023-12-30T14:43:37.351+01:00  INFO 32660 --- [Pool-1-worker-1] o.h.e.t.j.p.i.JtaPlatformInitiator       : HHH000490: Using JtaPlatform implementation: [org.hibernate.engine.transaction.jta.platform.internal.NoJtaPlatform]
2023-12-30T14:43:37.356+01:00  INFO 32660 --- [Pool-1-worker-1] j.LocalContainerEntityManagerFactoryBean : Initialized JPA EntityManagerFactory for persistence unit 'default'
2023-12-30T14:43:37.433+01:00  WARN 32660 --- [Pool-1-worker-1] JpaBaseConfiguration$JpaWebConfiguration : spring.jpa.open-in-view is enabled by default. Therefore, database queries may be performed during view rendering. Explicitly configure spring.jpa.open-in-view to disable this warning
2023-12-30T14:43:37.442+01:00  INFO 32660 --- [Pool-1-worker-1] o.hibernate.id.enhanced.PooledOptimizer  : HHH000201: Pooled optimizer source reported [BasicHolder[java.lang.Long[0]]] as the initial value; use of 1 or greater highly recommended
2023-12-30T14:43:37.451+01:00  INFO 32660 --- [Pool-1-worker-1] o.s.s.web.DefaultSecurityFilterChain     : Will secure any request with [org.springframework.security.web.session.DisableEncodeUrlFilter@2a814757, org.springframework.security.web.context.request.async.WebAsyncManagerIntegrationFilter@661b567b, org.springframework.security.web.context.SecurityContextHolderFilter@7c4f9bda, org.springframework.security.web.header.HeaderWriterFilter@4e08d6ab, org.springframework.security.web.csrf.CsrfFilter@1d47a9e8, org.springframework.security.web.authentication.logout.LogoutFilter@166d8844, org.springframework.security.web.authentication.UsernamePasswordAuthenticationFilter@5054dab1, org.springframework.security.web.savedrequest.RequestCacheAwareFilter@5c677552, org.springframework.security.web.servletapi.SecurityContextHolderAwareRequestFilter@1ec970f6, org.springframework.security.web.authentication.AnonymousAuthenticationFilter@2393252a, org.springframework.security.web.access.ExceptionTranslationFilter@177ab2ca, org.springframework.security.web.access.intercept.AuthorizationFilter@24dc2230]
2023-12-30T14:43:37.529+01:00  INFO 32660 --- [Pool-1-worker-1] o.s.b.t.m.w.SpringBootMockServletContext : Initializing Spring TestDispatcherServlet ''
2023-12-30T14:43:37.529+01:00  INFO 32660 --- [Pool-1-worker-1] o.s.t.web.servlet.TestDispatcherServlet  : Initializing Servlet ''
2023-12-30T14:43:37.529+01:00  INFO 32660 --- [Pool-1-worker-1] o.s.t.web.servlet.TestDispatcherServlet  : Completed initialization in 0 ms
2023-12-30T14:43:37.533+01:00  INFO 32660 --- [Pool-1-worker-1] i.s.a.integration.SessionPresenterTest   : Started SessionPresenterTest in 0.452 seconds (process running for 27.944)
2023-12-30T14:43:37.598+01:00  INFO 32660 --- [Pool-1-worker-1] j.LocalContainerEntityManagerFactoryBean : Closing JPA EntityManagerFactory for persistence unit 'default'
2023-12-30T14:43:37.599+01:00  INFO 32660 --- [Pool-1-worker-1] com.zaxxer.hikari.HikariDataSource       : HikariPool-30 - Shutdown initiated...
2023-12-30T14:43:37.599+01:00  INFO 32660 --- [Pool-1-worker-1] com.zaxxer.hikari.HikariDataSource       : HikariPool-30 - Shutdown completed.
]]></system-out>
  </testcase>
  <testcase name="sessione_rimossa_correttamente" classname="it.studyapp.application.integration.SessionPresenterTest" time="0.05">
    <system-out><![CDATA[  _____ _                  ____ ____  __  __   _____      _             _       _ 
 |  ___| | _____      __  / ___|  _ \|  \/  | |_   _|   _| |_ ___  _ __(_) __ _| |
 | |_  | |/ _ \ \ /\ / / | |   | |_) | |\/| |   | || | | | __/ _ \| '__| |/ _` | |
 |  _| | | (_) \ V  V /  | |___|  _ <| |  | |   | || |_| | || (_) | |  | | (_| | |
 |_|   |_|\___/ \_/\_/    \____|_| \_\_|  |_|   |_| \__,_|\__\___/|_|  |_|\__,_|_|
                                                                                  

2023-12-30T14:43:37.619+01:00  INFO 32660 --- [Pool-1-worker-1] i.s.a.integration.SessionPresenterTest   : Starting SessionPresenterTest using Java 20.0.2 with PID 32660 (started by oland in C:\Users\oland\eclipse-workspace\SSD_01-2024_StudyApp)
2023-12-30T14:43:37.619+01:00  INFO 32660 --- [Pool-1-worker-1] i.s.a.integration.SessionPresenterTest   : No active profile set, falling back to 1 default profile: "default"
2023-12-30T14:43:37.751+01:00  INFO 32660 --- [Pool-1-worker-1] .s.d.r.c.RepositoryConfigurationDelegate : Bootstrapping Spring Data JPA repositories in DEFAULT mode.
2023-12-30T14:43:37.783+01:00  INFO 32660 --- [Pool-1-worker-1] .s.d.r.c.RepositoryConfigurationDelegate : Finished Spring Data repository scanning in 31 ms. Found 9 JPA repository interfaces.
2023-12-30T14:43:37.821+01:00  INFO 32660 --- [Pool-1-worker-1] com.zaxxer.hikari.HikariDataSource       : HikariPool-31 - Starting...
2023-12-30T14:43:37.822+01:00  INFO 32660 --- [Pool-1-worker-1] com.zaxxer.hikari.pool.HikariPool        : HikariPool-31 - Added connection conn300: url=jdbc:h2:mem:testdb user=SA
2023-12-30T14:43:37.822+01:00  INFO 32660 --- [Pool-1-worker-1] com.zaxxer.hikari.HikariDataSource       : HikariPool-31 - Start completed.
2023-12-30T14:43:37.823+01:00  INFO 32660 --- [Pool-1-worker-1] o.hibernate.jpa.internal.util.LogHelper  : HHH000204: Processing PersistenceUnitInfo [name: default]
2023-12-30T14:43:37.830+01:00  INFO 32660 --- [Pool-1-worker-1] o.h.b.i.BytecodeProviderInitiator        : HHH000021: Bytecode provider name : bytebuddy
2023-12-30T14:43:37.830+01:00  INFO 32660 --- [Pool-1-worker-1] o.s.o.j.p.SpringPersistenceUnitInfo      : No LoadTimeWeaver setup: ignoring JPA class transformer
2023-12-30T14:43:37.845+01:00  INFO 32660 --- [Pool-1-worker-1] o.h.b.i.BytecodeProviderInitiator        : HHH000021: Bytecode provider name : bytebuddy
2023-12-30T14:43:37.903+01:00  INFO 32660 --- [Pool-1-worker-1] o.h.e.t.j.p.i.JtaPlatformInitiator       : HHH000490: Using JtaPlatform implementation: [org.hibernate.engine.transaction.jta.platform.internal.NoJtaPlatform]
2023-12-30T14:43:37.908+01:00  INFO 32660 --- [Pool-1-worker-1] j.LocalContainerEntityManagerFactoryBean : Initialized JPA EntityManagerFactory for persistence unit 'default'
2023-12-30T14:43:37.991+01:00  WARN 32660 --- [Pool-1-worker-1] JpaBaseConfiguration$JpaWebConfiguration : spring.jpa.open-in-view is enabled by default. Therefore, database queries may be performed during view rendering. Explicitly configure spring.jpa.open-in-view to disable this warning
2023-12-30T14:43:37.998+01:00  INFO 32660 --- [Pool-1-worker-1] o.hibernate.id.enhanced.PooledOptimizer  : HHH000201: Pooled optimizer source reported [BasicHolder[java.lang.Long[0]]] as the initial value; use of 1 or greater highly recommended
2023-12-30T14:43:38.007+01:00  INFO 32660 --- [Pool-1-worker-1] o.s.s.web.DefaultSecurityFilterChain     : Will secure any request with [org.springframework.security.web.session.DisableEncodeUrlFilter@402ff747, org.springframework.security.web.context.request.async.WebAsyncManagerIntegrationFilter@1afd1983, org.springframework.security.web.context.SecurityContextHolderFilter@49c642d8, org.springframework.security.web.header.HeaderWriterFilter@17942cf0, org.springframework.security.web.csrf.CsrfFilter@1f551ef9, org.springframework.security.web.authentication.logout.LogoutFilter@51f76609, org.springframework.security.web.authentication.UsernamePasswordAuthenticationFilter@2a021b20, org.springframework.security.web.savedrequest.RequestCacheAwareFilter@7e533fcf, org.springframework.security.web.servletapi.SecurityContextHolderAwareRequestFilter@1c197dc7, org.springframework.security.web.authentication.AnonymousAuthenticationFilter@12ff7244, org.springframework.security.web.access.ExceptionTranslationFilter@6c41dd27, org.springframework.security.web.access.intercept.AuthorizationFilter@611d22ea]
2023-12-30T14:43:38.070+01:00  INFO 32660 --- [Pool-1-worker-1] o.s.b.t.m.w.SpringBootMockServletContext : Initializing Spring TestDispatcherServlet ''
2023-12-30T14:43:38.070+01:00  INFO 32660 --- [Pool-1-worker-1] o.s.t.web.servlet.TestDispatcherServlet  : Initializing Servlet ''
2023-12-30T14:43:38.070+01:00  INFO 32660 --- [Pool-1-worker-1] o.s.t.web.servlet.TestDispatcherServlet  : Completed initialization in 0 ms
2023-12-30T14:43:38.075+01:00  INFO 32660 --- [Pool-1-worker-1] i.s.a.integration.SessionPresenterTest   : Started SessionPresenterTest in 0.473 seconds (process running for 28.487)
2023-12-30T14:43:38.115+01:00  INFO 32660 --- [Pool-1-worker-1] j.LocalContainerEntityManagerFactoryBean : Closing JPA EntityManagerFactory for persistence unit 'default'
2023-12-30T14:43:38.115+01:00  INFO 32660 --- [Pool-1-worker-1] com.zaxxer.hikari.HikariDataSource       : HikariPool-31 - Shutdown initiated...
2023-12-30T14:43:38.126+01:00  INFO 32660 --- [Pool-1-worker-1] com.zaxxer.hikari.HikariDataSource       : HikariPool-31 - Shutdown completed.
]]></system-out>
  </testcase>
  <testcase name="campi_sessione_aggiornati_correttamente" classname="it.studyapp.application.integration.SessionPresenterTest" time="0.037">
    <system-out><![CDATA[  _____ _                  ____ ____  __  __   _____      _             _       _ 
 |  ___| | _____      __  / ___|  _ \|  \/  | |_   _|   _| |_ ___  _ __(_) __ _| |
 | |_  | |/ _ \ \ /\ / / | |   | |_) | |\/| |   | || | | | __/ _ \| '__| |/ _` | |
 |  _| | | (_) \ V  V /  | |___|  _ <| |  | |   | || |_| | || (_) | |  | | (_| | |
 |_|   |_|\___/ \_/\_/    \____|_| \_\_|  |_|   |_| \__,_|\__\___/|_|  |_|\__,_|_|
                                                                                  

2023-12-30T14:43:38.149+01:00  INFO 32660 --- [Pool-1-worker-1] i.s.a.integration.SessionPresenterTest   : Starting SessionPresenterTest using Java 20.0.2 with PID 32660 (started by oland in C:\Users\oland\eclipse-workspace\SSD_01-2024_StudyApp)
2023-12-30T14:43:38.149+01:00  INFO 32660 --- [Pool-1-worker-1] i.s.a.integration.SessionPresenterTest   : No active profile set, falling back to 1 default profile: "default"
2023-12-30T14:43:38.311+01:00  INFO 32660 --- [Pool-1-worker-1] .s.d.r.c.RepositoryConfigurationDelegate : Bootstrapping Spring Data JPA repositories in DEFAULT mode.
2023-12-30T14:43:38.341+01:00  INFO 32660 --- [Pool-1-worker-1] .s.d.r.c.RepositoryConfigurationDelegate : Finished Spring Data repository scanning in 29 ms. Found 9 JPA repository interfaces.
2023-12-30T14:43:38.381+01:00  INFO 32660 --- [Pool-1-worker-1] com.zaxxer.hikari.HikariDataSource       : HikariPool-32 - Starting...
2023-12-30T14:43:38.383+01:00  INFO 32660 --- [Pool-1-worker-1] com.zaxxer.hikari.pool.HikariPool        : HikariPool-32 - Added connection conn310: url=jdbc:h2:mem:testdb user=SA
2023-12-30T14:43:38.383+01:00  INFO 32660 --- [Pool-1-worker-1] com.zaxxer.hikari.HikariDataSource       : HikariPool-32 - Start completed.
2023-12-30T14:43:38.384+01:00  INFO 32660 --- [Pool-1-worker-1] o.hibernate.jpa.internal.util.LogHelper  : HHH000204: Processing PersistenceUnitInfo [name: default]
2023-12-30T14:43:38.391+01:00  INFO 32660 --- [Pool-1-worker-1] o.h.b.i.BytecodeProviderInitiator        : HHH000021: Bytecode provider name : bytebuddy
2023-12-30T14:43:38.391+01:00  INFO 32660 --- [Pool-1-worker-1] o.s.o.j.p.SpringPersistenceUnitInfo      : No LoadTimeWeaver setup: ignoring JPA class transformer
2023-12-30T14:43:38.406+01:00  INFO 32660 --- [Pool-1-worker-1] o.h.b.i.BytecodeProviderInitiator        : HHH000021: Bytecode provider name : bytebuddy
2023-12-30T14:43:38.467+01:00  INFO 32660 --- [Pool-1-worker-1] o.h.e.t.j.p.i.JtaPlatformInitiator       : HHH000490: Using JtaPlatform implementation: [org.hibernate.engine.transaction.jta.platform.internal.NoJtaPlatform]
2023-12-30T14:43:38.472+01:00  INFO 32660 --- [Pool-1-worker-1] j.LocalContainerEntityManagerFactoryBean : Initialized JPA EntityManagerFactory for persistence unit 'default'
2023-12-30T14:43:38.563+01:00  WARN 32660 --- [Pool-1-worker-1] JpaBaseConfiguration$JpaWebConfiguration : spring.jpa.open-in-view is enabled by default. Therefore, database queries may be performed during view rendering. Explicitly configure spring.jpa.open-in-view to disable this warning
2023-12-30T14:43:38.570+01:00  INFO 32660 --- [Pool-1-worker-1] o.hibernate.id.enhanced.PooledOptimizer  : HHH000201: Pooled optimizer source reported [BasicHolder[java.lang.Long[0]]] as the initial value; use of 1 or greater highly recommended
2023-12-30T14:43:38.579+01:00  INFO 32660 --- [Pool-1-worker-1] o.s.s.web.DefaultSecurityFilterChain     : Will secure any request with [org.springframework.security.web.session.DisableEncodeUrlFilter@4de9aaa8, org.springframework.security.web.context.request.async.WebAsyncManagerIntegrationFilter@5af048fe, org.springframework.security.web.context.SecurityContextHolderFilter@511d5e45, org.springframework.security.web.header.HeaderWriterFilter@5131c589, org.springframework.security.web.csrf.CsrfFilter@39ffe701, org.springframework.security.web.authentication.logout.LogoutFilter@73ae5f4f, org.springframework.security.web.authentication.UsernamePasswordAuthenticationFilter@4cbcd057, org.springframework.security.web.savedrequest.RequestCacheAwareFilter@179c7c88, org.springframework.security.web.servletapi.SecurityContextHolderAwareRequestFilter@17384d80, org.springframework.security.web.authentication.AnonymousAuthenticationFilter@10fc3123, org.springframework.security.web.access.ExceptionTranslationFilter@7f1ff76c, org.springframework.security.web.access.intercept.AuthorizationFilter@52a31ca7]
2023-12-30T14:43:38.643+01:00  INFO 32660 --- [Pool-1-worker-1] o.s.b.t.m.w.SpringBootMockServletContext : Initializing Spring TestDispatcherServlet ''
2023-12-30T14:43:38.643+01:00  INFO 32660 --- [Pool-1-worker-1] o.s.t.web.servlet.TestDispatcherServlet  : Initializing Servlet ''
2023-12-30T14:43:38.643+01:00  INFO 32660 --- [Pool-1-worker-1] o.s.t.web.servlet.TestDispatcherServlet  : Completed initialization in 0 ms
2023-12-30T14:43:38.647+01:00  INFO 32660 --- [Pool-1-worker-1] i.s.a.integration.SessionPresenterTest   : Started SessionPresenterTest in 0.517 seconds (process running for 29.059)
2023-12-30T14:43:38.684+01:00  INFO 32660 --- [Pool-1-worker-1] j.LocalContainerEntityManagerFactoryBean : Closing JPA EntityManagerFactory for persistence unit 'default'
2023-12-30T14:43:38.684+01:00  INFO 32660 --- [Pool-1-worker-1] com.zaxxer.hikari.HikariDataSource       : HikariPool-32 - Shutdown initiated...
2023-12-30T14:43:38.685+01:00  INFO 32660 --- [Pool-1-worker-1] com.zaxxer.hikari.HikariDataSource       : HikariPool-32 - Shutdown completed.
]]></system-out>
  </testcase>
  <testcase name="owner_abbandona_sessione_passando_ownership" classname="it.studyapp.application.integration.SessionPresenterTest" time="0.05">
    <system-out><![CDATA[  _____ _                  ____ ____  __  __   _____      _             _       _ 
 |  ___| | _____      __  / ___|  _ \|  \/  | |_   _|   _| |_ ___  _ __(_) __ _| |
 | |_  | |/ _ \ \ /\ / / | |   | |_) | |\/| |   | || | | | __/ _ \| '__| |/ _` | |
 |  _| | | (_) \ V  V /  | |___|  _ <| |  | |   | || |_| | || (_) | |  | | (_| | |
 |_|   |_|\___/ \_/\_/    \____|_| \_\_|  |_|   |_| \__,_|\__\___/|_|  |_|\__,_|_|
                                                                                  

2023-12-30T14:43:38.706+01:00  INFO 32660 --- [Pool-1-worker-1] i.s.a.integration.SessionPresenterTest   : Starting SessionPresenterTest using Java 20.0.2 with PID 32660 (started by oland in C:\Users\oland\eclipse-workspace\SSD_01-2024_StudyApp)
2023-12-30T14:43:38.706+01:00  INFO 32660 --- [Pool-1-worker-1] i.s.a.integration.SessionPresenterTest   : No active profile set, falling back to 1 default profile: "default"
2023-12-30T14:43:38.819+01:00  INFO 32660 --- [Pool-1-worker-1] .s.d.r.c.RepositoryConfigurationDelegate : Bootstrapping Spring Data JPA repositories in DEFAULT mode.
2023-12-30T14:43:38.845+01:00  INFO 32660 --- [Pool-1-worker-1] .s.d.r.c.RepositoryConfigurationDelegate : Finished Spring Data repository scanning in 26 ms. Found 9 JPA repository interfaces.
2023-12-30T14:43:38.877+01:00  INFO 32660 --- [Pool-1-worker-1] com.zaxxer.hikari.HikariDataSource       : HikariPool-33 - Starting...
2023-12-30T14:43:38.878+01:00  INFO 32660 --- [Pool-1-worker-1] com.zaxxer.hikari.pool.HikariPool        : HikariPool-33 - Added connection conn320: url=jdbc:h2:mem:testdb user=SA
2023-12-30T14:43:38.878+01:00  INFO 32660 --- [Pool-1-worker-1] com.zaxxer.hikari.HikariDataSource       : HikariPool-33 - Start completed.
2023-12-30T14:43:38.879+01:00  INFO 32660 --- [Pool-1-worker-1] o.hibernate.jpa.internal.util.LogHelper  : HHH000204: Processing PersistenceUnitInfo [name: default]
2023-12-30T14:43:38.885+01:00  INFO 32660 --- [Pool-1-worker-1] o.h.b.i.BytecodeProviderInitiator        : HHH000021: Bytecode provider name : bytebuddy
2023-12-30T14:43:38.885+01:00  INFO 32660 --- [Pool-1-worker-1] o.s.o.j.p.SpringPersistenceUnitInfo      : No LoadTimeWeaver setup: ignoring JPA class transformer
2023-12-30T14:43:38.898+01:00  INFO 32660 --- [Pool-1-worker-1] o.h.b.i.BytecodeProviderInitiator        : HHH000021: Bytecode provider name : bytebuddy
2023-12-30T14:43:38.951+01:00  INFO 32660 --- [Pool-1-worker-1] o.h.e.t.j.p.i.JtaPlatformInitiator       : HHH000490: Using JtaPlatform implementation: [org.hibernate.engine.transaction.jta.platform.internal.NoJtaPlatform]
2023-12-30T14:43:38.956+01:00  INFO 32660 --- [Pool-1-worker-1] j.LocalContainerEntityManagerFactoryBean : Initialized JPA EntityManagerFactory for persistence unit 'default'
2023-12-30T14:43:39.034+01:00  WARN 32660 --- [Pool-1-worker-1] JpaBaseConfiguration$JpaWebConfiguration : spring.jpa.open-in-view is enabled by default. Therefore, database queries may be performed during view rendering. Explicitly configure spring.jpa.open-in-view to disable this warning
2023-12-30T14:43:39.044+01:00  INFO 32660 --- [Pool-1-worker-1] o.hibernate.id.enhanced.PooledOptimizer  : HHH000201: Pooled optimizer source reported [BasicHolder[java.lang.Long[0]]] as the initial value; use of 1 or greater highly recommended
2023-12-30T14:43:39.051+01:00  INFO 32660 --- [Pool-1-worker-1] o.s.s.web.DefaultSecurityFilterChain     : Will secure any request with [org.springframework.security.web.session.DisableEncodeUrlFilter@b67e1e8, org.springframework.security.web.context.request.async.WebAsyncManagerIntegrationFilter@67faccbc, org.springframework.security.web.context.SecurityContextHolderFilter@62e3a20e, org.springframework.security.web.header.HeaderWriterFilter@5c5e3598, org.springframework.security.web.csrf.CsrfFilter@14356a7c, org.springframework.security.web.authentication.logout.LogoutFilter@30fa2eac, org.springframework.security.web.authentication.UsernamePasswordAuthenticationFilter@6a093d4b, org.springframework.security.web.savedrequest.RequestCacheAwareFilter@5dba52a4, org.springframework.security.web.servletapi.SecurityContextHolderAwareRequestFilter@62290da6, org.springframework.security.web.authentication.AnonymousAuthenticationFilter@52a39f65, org.springframework.security.web.access.ExceptionTranslationFilter@4fae005d, org.springframework.security.web.access.intercept.AuthorizationFilter@15340b05]
2023-12-30T14:43:39.111+01:00  INFO 32660 --- [Pool-1-worker-1] o.s.b.t.m.w.SpringBootMockServletContext : Initializing Spring TestDispatcherServlet ''
2023-12-30T14:43:39.111+01:00  INFO 32660 --- [Pool-1-worker-1] o.s.t.web.servlet.TestDispatcherServlet  : Initializing Servlet ''
2023-12-30T14:43:39.112+01:00  INFO 32660 --- [Pool-1-worker-1] o.s.t.web.servlet.TestDispatcherServlet  : Completed initialization in 1 ms
2023-12-30T14:43:39.116+01:00  INFO 32660 --- [Pool-1-worker-1] i.s.a.integration.SessionPresenterTest   : Started SessionPresenterTest in 0.428 seconds (process running for 29.528)
2023-12-30T14:43:39.166+01:00  INFO 32660 --- [Pool-1-worker-1] j.LocalContainerEntityManagerFactoryBean : Closing JPA EntityManagerFactory for persistence unit 'default'
2023-12-30T14:43:39.167+01:00  INFO 32660 --- [Pool-1-worker-1] com.zaxxer.hikari.HikariDataSource       : HikariPool-33 - Shutdown initiated...
2023-12-30T14:43:39.168+01:00  INFO 32660 --- [Pool-1-worker-1] com.zaxxer.hikari.HikariDataSource       : HikariPool-33 - Shutdown completed.
]]></system-out>
  </testcase>
  <testcase name="nuovo_partecipante_aggiunto_correttamente" classname="it.studyapp.application.integration.SessionPresenterTest" time="0.048">
    <system-out><![CDATA[  _____ _                  ____ ____  __  __   _____      _             _       _ 
 |  ___| | _____      __  / ___|  _ \|  \/  | |_   _|   _| |_ ___  _ __(_) __ _| |
 | |_  | |/ _ \ \ /\ / / | |   | |_) | |\/| |   | || | | | __/ _ \| '__| |/ _` | |
 |  _| | | (_) \ V  V /  | |___|  _ <| |  | |   | || |_| | || (_) | |  | | (_| | |
 |_|   |_|\___/ \_/\_/    \____|_| \_\_|  |_|   |_| \__,_|\__\___/|_|  |_|\__,_|_|
                                                                                  

2023-12-30T14:43:39.188+01:00  INFO 32660 --- [Pool-1-worker-1] i.s.a.integration.SessionPresenterTest   : Starting SessionPresenterTest using Java 20.0.2 with PID 32660 (started by oland in C:\Users\oland\eclipse-workspace\SSD_01-2024_StudyApp)
2023-12-30T14:43:39.188+01:00  INFO 32660 --- [Pool-1-worker-1] i.s.a.integration.SessionPresenterTest   : No active profile set, falling back to 1 default profile: "default"
2023-12-30T14:43:39.313+01:00  INFO 32660 --- [Pool-1-worker-1] .s.d.r.c.RepositoryConfigurationDelegate : Bootstrapping Spring Data JPA repositories in DEFAULT mode.
2023-12-30T14:43:39.340+01:00  INFO 32660 --- [Pool-1-worker-1] .s.d.r.c.RepositoryConfigurationDelegate : Finished Spring Data repository scanning in 26 ms. Found 9 JPA repository interfaces.
2023-12-30T14:43:39.374+01:00  INFO 32660 --- [Pool-1-worker-1] com.zaxxer.hikari.HikariDataSource       : HikariPool-34 - Starting...
2023-12-30T14:43:39.375+01:00  INFO 32660 --- [Pool-1-worker-1] com.zaxxer.hikari.pool.HikariPool        : HikariPool-34 - Added connection conn330: url=jdbc:h2:mem:testdb user=SA
2023-12-30T14:43:39.375+01:00  INFO 32660 --- [Pool-1-worker-1] com.zaxxer.hikari.HikariDataSource       : HikariPool-34 - Start completed.
2023-12-30T14:43:39.376+01:00  INFO 32660 --- [Pool-1-worker-1] o.hibernate.jpa.internal.util.LogHelper  : HHH000204: Processing PersistenceUnitInfo [name: default]
2023-12-30T14:43:39.382+01:00  INFO 32660 --- [Pool-1-worker-1] o.h.b.i.BytecodeProviderInitiator        : HHH000021: Bytecode provider name : bytebuddy
2023-12-30T14:43:39.383+01:00  INFO 32660 --- [Pool-1-worker-1] o.s.o.j.p.SpringPersistenceUnitInfo      : No LoadTimeWeaver setup: ignoring JPA class transformer
2023-12-30T14:43:39.398+01:00  INFO 32660 --- [Pool-1-worker-1] o.h.b.i.BytecodeProviderInitiator        : HHH000021: Bytecode provider name : bytebuddy
2023-12-30T14:43:39.452+01:00  INFO 32660 --- [Pool-1-worker-1] o.h.e.t.j.p.i.JtaPlatformInitiator       : HHH000490: Using JtaPlatform implementation: [org.hibernate.engine.transaction.jta.platform.internal.NoJtaPlatform]
2023-12-30T14:43:39.457+01:00  INFO 32660 --- [Pool-1-worker-1] j.LocalContainerEntityManagerFactoryBean : Initialized JPA EntityManagerFactory for persistence unit 'default'
2023-12-30T14:43:39.546+01:00  WARN 32660 --- [Pool-1-worker-1] JpaBaseConfiguration$JpaWebConfiguration : spring.jpa.open-in-view is enabled by default. Therefore, database queries may be performed during view rendering. Explicitly configure spring.jpa.open-in-view to disable this warning
2023-12-30T14:43:39.555+01:00  INFO 32660 --- [Pool-1-worker-1] o.hibernate.id.enhanced.PooledOptimizer  : HHH000201: Pooled optimizer source reported [BasicHolder[java.lang.Long[0]]] as the initial value; use of 1 or greater highly recommended
2023-12-30T14:43:39.568+01:00  INFO 32660 --- [Pool-1-worker-1] o.s.s.web.DefaultSecurityFilterChain     : Will secure any request with [org.springframework.security.web.session.DisableEncodeUrlFilter@7ea7257, org.springframework.security.web.context.request.async.WebAsyncManagerIntegrationFilter@457f36a7, org.springframework.security.web.context.SecurityContextHolderFilter@250ee430, org.springframework.security.web.header.HeaderWriterFilter@feb0554, org.springframework.security.web.csrf.CsrfFilter@7dc52df, org.springframework.security.web.authentication.logout.LogoutFilter@55256fee, org.springframework.security.web.authentication.UsernamePasswordAuthenticationFilter@794e388f, org.springframework.security.web.savedrequest.RequestCacheAwareFilter@40a100e4, org.springframework.security.web.servletapi.SecurityContextHolderAwareRequestFilter@504e5aa9, org.springframework.security.web.authentication.AnonymousAuthenticationFilter@69ed890d, org.springframework.security.web.access.ExceptionTranslationFilter@30941d64, org.springframework.security.web.access.intercept.AuthorizationFilter@3ff2799c]
2023-12-30T14:43:39.640+01:00  INFO 32660 --- [Pool-1-worker-1] o.s.b.t.m.w.SpringBootMockServletContext : Initializing Spring TestDispatcherServlet ''
2023-12-30T14:43:39.640+01:00  INFO 32660 --- [Pool-1-worker-1] o.s.t.web.servlet.TestDispatcherServlet  : Initializing Servlet ''
2023-12-30T14:43:39.640+01:00  INFO 32660 --- [Pool-1-worker-1] o.s.t.web.servlet.TestDispatcherServlet  : Completed initialization in 0 ms
2023-12-30T14:43:39.646+01:00  INFO 32660 --- [Pool-1-worker-1] i.s.a.integration.SessionPresenterTest   : Started SessionPresenterTest in 0.475 seconds (process running for 30.057)
2023-12-30T14:43:39.694+01:00  INFO 32660 --- [Pool-1-worker-1] j.LocalContainerEntityManagerFactoryBean : Closing JPA EntityManagerFactory for persistence unit 'default'
2023-12-30T14:43:39.694+01:00  INFO 32660 --- [Pool-1-worker-1] com.zaxxer.hikari.HikariDataSource       : HikariPool-34 - Shutdown initiated...
2023-12-30T14:43:39.695+01:00  INFO 32660 --- [Pool-1-worker-1] com.zaxxer.hikari.HikariDataSource       : HikariPool-34 - Shutdown completed.
]]></system-out>
  </testcase>
  <testcase name="participant_non_ha_sessione_alla_creazione" classname="it.studyapp.application.integration.SessionPresenterTest" time="0.016">
    <system-out><![CDATA[  _____ _                  ____ ____  __  __   _____      _             _       _ 
 |  ___| | _____      __  / ___|  _ \|  \/  | |_   _|   _| |_ ___  _ __(_) __ _| |
 | |_  | |/ _ \ \ /\ / / | |   | |_) | |\/| |   | || | | | __/ _ \| '__| |/ _` | |
 |  _| | | (_) \ V  V /  | |___|  _ <| |  | |   | || |_| | || (_) | |  | | (_| | |
 |_|   |_|\___/ \_/\_/    \____|_| \_\_|  |_|   |_| \__,_|\__\___/|_|  |_|\__,_|_|
                                                                                  

2023-12-30T14:43:39.717+01:00  INFO 32660 --- [Pool-1-worker-1] i.s.a.integration.SessionPresenterTest   : Starting SessionPresenterTest using Java 20.0.2 with PID 32660 (started by oland in C:\Users\oland\eclipse-workspace\SSD_01-2024_StudyApp)
2023-12-30T14:43:39.717+01:00  INFO 32660 --- [Pool-1-worker-1] i.s.a.integration.SessionPresenterTest   : No active profile set, falling back to 1 default profile: "default"
2023-12-30T14:43:39.846+01:00  INFO 32660 --- [Pool-1-worker-1] .s.d.r.c.RepositoryConfigurationDelegate : Bootstrapping Spring Data JPA repositories in DEFAULT mode.
2023-12-30T14:43:39.877+01:00  INFO 32660 --- [Pool-1-worker-1] .s.d.r.c.RepositoryConfigurationDelegate : Finished Spring Data repository scanning in 30 ms. Found 9 JPA repository interfaces.
2023-12-30T14:43:39.926+01:00  INFO 32660 --- [Pool-1-worker-1] com.zaxxer.hikari.HikariDataSource       : HikariPool-35 - Starting...
2023-12-30T14:43:39.927+01:00  INFO 32660 --- [Pool-1-worker-1] com.zaxxer.hikari.pool.HikariPool        : HikariPool-35 - Added connection conn340: url=jdbc:h2:mem:testdb user=SA
2023-12-30T14:43:39.927+01:00  INFO 32660 --- [Pool-1-worker-1] com.zaxxer.hikari.HikariDataSource       : HikariPool-35 - Start completed.
2023-12-30T14:43:39.928+01:00  INFO 32660 --- [Pool-1-worker-1] o.hibernate.jpa.internal.util.LogHelper  : HHH000204: Processing PersistenceUnitInfo [name: default]
2023-12-30T14:43:39.935+01:00  INFO 32660 --- [Pool-1-worker-1] o.h.b.i.BytecodeProviderInitiator        : HHH000021: Bytecode provider name : bytebuddy
2023-12-30T14:43:39.935+01:00  INFO 32660 --- [Pool-1-worker-1] o.s.o.j.p.SpringPersistenceUnitInfo      : No LoadTimeWeaver setup: ignoring JPA class transformer
2023-12-30T14:43:39.950+01:00  INFO 32660 --- [Pool-1-worker-1] o.h.b.i.BytecodeProviderInitiator        : HHH000021: Bytecode provider name : bytebuddy
2023-12-30T14:43:40.004+01:00  INFO 32660 --- [Pool-1-worker-1] o.h.e.t.j.p.i.JtaPlatformInitiator       : HHH000490: Using JtaPlatform implementation: [org.hibernate.engine.transaction.jta.platform.internal.NoJtaPlatform]
2023-12-30T14:43:40.009+01:00  INFO 32660 --- [Pool-1-worker-1] j.LocalContainerEntityManagerFactoryBean : Initialized JPA EntityManagerFactory for persistence unit 'default'
2023-12-30T14:43:40.093+01:00  WARN 32660 --- [Pool-1-worker-1] JpaBaseConfiguration$JpaWebConfiguration : spring.jpa.open-in-view is enabled by default. Therefore, database queries may be performed during view rendering. Explicitly configure spring.jpa.open-in-view to disable this warning
2023-12-30T14:43:40.100+01:00  INFO 32660 --- [Pool-1-worker-1] o.hibernate.id.enhanced.PooledOptimizer  : HHH000201: Pooled optimizer source reported [BasicHolder[java.lang.Long[0]]] as the initial value; use of 1 or greater highly recommended
2023-12-30T14:43:40.107+01:00  INFO 32660 --- [Pool-1-worker-1] o.s.s.web.DefaultSecurityFilterChain     : Will secure any request with [org.springframework.security.web.session.DisableEncodeUrlFilter@1a489430, org.springframework.security.web.context.request.async.WebAsyncManagerIntegrationFilter@4e1879df, org.springframework.security.web.context.SecurityContextHolderFilter@4a4d0aa4, org.springframework.security.web.header.HeaderWriterFilter@6c2fa810, org.springframework.security.web.csrf.CsrfFilter@1c39ffc2, org.springframework.security.web.authentication.logout.LogoutFilter@10053427, org.springframework.security.web.authentication.UsernamePasswordAuthenticationFilter@23553871, org.springframework.security.web.savedrequest.RequestCacheAwareFilter@19593bc0, org.springframework.security.web.servletapi.SecurityContextHolderAwareRequestFilter@234153ae, org.springframework.security.web.authentication.AnonymousAuthenticationFilter@1c8788f2, org.springframework.security.web.access.ExceptionTranslationFilter@4feea98c, org.springframework.security.web.access.intercept.AuthorizationFilter@69276d5b]
2023-12-30T14:43:40.169+01:00  INFO 32660 --- [Pool-1-worker-1] o.s.b.t.m.w.SpringBootMockServletContext : Initializing Spring TestDispatcherServlet ''
2023-12-30T14:43:40.169+01:00  INFO 32660 --- [Pool-1-worker-1] o.s.t.web.servlet.TestDispatcherServlet  : Initializing Servlet ''
2023-12-30T14:43:40.169+01:00  INFO 32660 --- [Pool-1-worker-1] o.s.t.web.servlet.TestDispatcherServlet  : Completed initialization in 0 ms
2023-12-30T14:43:40.174+01:00  INFO 32660 --- [Pool-1-worker-1] i.s.a.integration.SessionPresenterTest   : Started SessionPresenterTest in 0.475 seconds (process running for 30.585)
2023-12-30T14:43:40.189+01:00  INFO 32660 --- [Pool-1-worker-1] j.LocalContainerEntityManagerFactoryBean : Closing JPA EntityManagerFactory for persistence unit 'default'
2023-12-30T14:43:40.190+01:00  INFO 32660 --- [Pool-1-worker-1] com.zaxxer.hikari.HikariDataSource       : HikariPool-35 - Shutdown initiated...
2023-12-30T14:43:40.191+01:00  INFO 32660 --- [Pool-1-worker-1] com.zaxxer.hikari.HikariDataSource       : HikariPool-35 - Shutdown completed.
]]></system-out>
  </testcase>
  <testcase name="owner_non_ha_evento_calendario_dopo_rimozione_sessione" classname="it.studyapp.application.integration.SessionPresenterTest" time="0.03">
    <system-out><![CDATA[  _____ _                  ____ ____  __  __   _____      _             _       _ 
 |  ___| | _____      __  / ___|  _ \|  \/  | |_   _|   _| |_ ___  _ __(_) __ _| |
 | |_  | |/ _ \ \ /\ / / | |   | |_) | |\/| |   | || | | | __/ _ \| '__| |/ _` | |
 |  _| | | (_) \ V  V /  | |___|  _ <| |  | |   | || |_| | || (_) | |  | | (_| | |
 |_|   |_|\___/ \_/\_/    \____|_| \_\_|  |_|   |_| \__,_|\__\___/|_|  |_|\__,_|_|
                                                                                  

2023-12-30T14:43:40.211+01:00  INFO 32660 --- [Pool-1-worker-1] i.s.a.integration.SessionPresenterTest   : Starting SessionPresenterTest using Java 20.0.2 with PID 32660 (started by oland in C:\Users\oland\eclipse-workspace\SSD_01-2024_StudyApp)
2023-12-30T14:43:40.212+01:00  INFO 32660 --- [Pool-1-worker-1] i.s.a.integration.SessionPresenterTest   : No active profile set, falling back to 1 default profile: "default"
2023-12-30T14:43:40.321+01:00  INFO 32660 --- [Pool-1-worker-1] .s.d.r.c.RepositoryConfigurationDelegate : Bootstrapping Spring Data JPA repositories in DEFAULT mode.
2023-12-30T14:43:40.354+01:00  INFO 32660 --- [Pool-1-worker-1] .s.d.r.c.RepositoryConfigurationDelegate : Finished Spring Data repository scanning in 32 ms. Found 9 JPA repository interfaces.
2023-12-30T14:43:40.401+01:00  INFO 32660 --- [Pool-1-worker-1] com.zaxxer.hikari.HikariDataSource       : HikariPool-36 - Starting...
2023-12-30T14:43:40.402+01:00  INFO 32660 --- [Pool-1-worker-1] com.zaxxer.hikari.pool.HikariPool        : HikariPool-36 - Added connection conn350: url=jdbc:h2:mem:testdb user=SA
2023-12-30T14:43:40.403+01:00  INFO 32660 --- [Pool-1-worker-1] com.zaxxer.hikari.HikariDataSource       : HikariPool-36 - Start completed.
2023-12-30T14:43:40.404+01:00  INFO 32660 --- [Pool-1-worker-1] o.hibernate.jpa.internal.util.LogHelper  : HHH000204: Processing PersistenceUnitInfo [name: default]
2023-12-30T14:43:40.411+01:00  INFO 32660 --- [Pool-1-worker-1] o.h.b.i.BytecodeProviderInitiator        : HHH000021: Bytecode provider name : bytebuddy
2023-12-30T14:43:40.411+01:00  INFO 32660 --- [Pool-1-worker-1] o.s.o.j.p.SpringPersistenceUnitInfo      : No LoadTimeWeaver setup: ignoring JPA class transformer
2023-12-30T14:43:40.427+01:00  INFO 32660 --- [Pool-1-worker-1] o.h.b.i.BytecodeProviderInitiator        : HHH000021: Bytecode provider name : bytebuddy
2023-12-30T14:43:40.501+01:00  INFO 32660 --- [Pool-1-worker-1] o.h.e.t.j.p.i.JtaPlatformInitiator       : HHH000490: Using JtaPlatform implementation: [org.hibernate.engine.transaction.jta.platform.internal.NoJtaPlatform]
2023-12-30T14:43:40.506+01:00  INFO 32660 --- [Pool-1-worker-1] j.LocalContainerEntityManagerFactoryBean : Initialized JPA EntityManagerFactory for persistence unit 'default'
2023-12-30T14:43:40.578+01:00  WARN 32660 --- [Pool-1-worker-1] JpaBaseConfiguration$JpaWebConfiguration : spring.jpa.open-in-view is enabled by default. Therefore, database queries may be performed during view rendering. Explicitly configure spring.jpa.open-in-view to disable this warning
2023-12-30T14:43:40.585+01:00  INFO 32660 --- [Pool-1-worker-1] o.hibernate.id.enhanced.PooledOptimizer  : HHH000201: Pooled optimizer source reported [BasicHolder[java.lang.Long[0]]] as the initial value; use of 1 or greater highly recommended
2023-12-30T14:43:40.593+01:00  INFO 32660 --- [Pool-1-worker-1] o.s.s.web.DefaultSecurityFilterChain     : Will secure any request with [org.springframework.security.web.session.DisableEncodeUrlFilter@52139ac3, org.springframework.security.web.context.request.async.WebAsyncManagerIntegrationFilter@7c6ff118, org.springframework.security.web.context.SecurityContextHolderFilter@290dad14, org.springframework.security.web.header.HeaderWriterFilter@5498f390, org.springframework.security.web.csrf.CsrfFilter@5e495ac1, org.springframework.security.web.authentication.logout.LogoutFilter@7bee92b4, org.springframework.security.web.authentication.UsernamePasswordAuthenticationFilter@5de7d8f9, org.springframework.security.web.savedrequest.RequestCacheAwareFilter@3d8665a6, org.springframework.security.web.servletapi.SecurityContextHolderAwareRequestFilter@2cd88f2c, org.springframework.security.web.authentication.AnonymousAuthenticationFilter@707bc566, org.springframework.security.web.access.ExceptionTranslationFilter@6edfe218, org.springframework.security.web.access.intercept.AuthorizationFilter@1d822350]
2023-12-30T14:43:40.646+01:00  INFO 32660 --- [Pool-1-worker-1] o.s.b.t.m.w.SpringBootMockServletContext : Initializing Spring TestDispatcherServlet ''
2023-12-30T14:43:40.646+01:00  INFO 32660 --- [Pool-1-worker-1] o.s.t.web.servlet.TestDispatcherServlet  : Initializing Servlet ''
2023-12-30T14:43:40.646+01:00  INFO 32660 --- [Pool-1-worker-1] o.s.t.web.servlet.TestDispatcherServlet  : Completed initialization in 0 ms
2023-12-30T14:43:40.650+01:00  INFO 32660 --- [Pool-1-worker-1] i.s.a.integration.SessionPresenterTest   : Started SessionPresenterTest in 0.454 seconds (process running for 31.061)
2023-12-30T14:43:40.680+01:00  INFO 32660 --- [Pool-1-worker-1] j.LocalContainerEntityManagerFactoryBean : Closing JPA EntityManagerFactory for persistence unit 'default'
2023-12-30T14:43:40.681+01:00  INFO 32660 --- [Pool-1-worker-1] com.zaxxer.hikari.HikariDataSource       : HikariPool-36 - Shutdown initiated...
2023-12-30T14:43:40.682+01:00  INFO 32660 --- [Pool-1-worker-1] com.zaxxer.hikari.HikariDataSource       : HikariPool-36 - Shutdown completed.
]]></system-out>
  </testcase>
  <testcase name="participant_non_ha_evento_calendario_alla_creazione_della_sessione" classname="it.studyapp.application.integration.SessionPresenterTest" time="0.021">
    <system-out><![CDATA[  _____ _                  ____ ____  __  __   _____      _             _       _ 
 |  ___| | _____      __  / ___|  _ \|  \/  | |_   _|   _| |_ ___  _ __(_) __ _| |
 | |_  | |/ _ \ \ /\ / / | |   | |_) | |\/| |   | || | | | __/ _ \| '__| |/ _` | |
 |  _| | | (_) \ V  V /  | |___|  _ <| |  | |   | || |_| | || (_) | |  | | (_| | |
 |_|   |_|\___/ \_/\_/    \____|_| \_\_|  |_|   |_| \__,_|\__\___/|_|  |_|\__,_|_|
                                                                                  

2023-12-30T14:43:40.701+01:00  INFO 32660 --- [Pool-1-worker-1] i.s.a.integration.SessionPresenterTest   : Starting SessionPresenterTest using Java 20.0.2 with PID 32660 (started by oland in C:\Users\oland\eclipse-workspace\SSD_01-2024_StudyApp)
2023-12-30T14:43:40.701+01:00  INFO 32660 --- [Pool-1-worker-1] i.s.a.integration.SessionPresenterTest   : No active profile set, falling back to 1 default profile: "default"
2023-12-30T14:43:40.795+01:00  INFO 32660 --- [Pool-1-worker-1] .s.d.r.c.RepositoryConfigurationDelegate : Bootstrapping Spring Data JPA repositories in DEFAULT mode.
2023-12-30T14:43:40.822+01:00  INFO 32660 --- [Pool-1-worker-1] .s.d.r.c.RepositoryConfigurationDelegate : Finished Spring Data repository scanning in 26 ms. Found 9 JPA repository interfaces.
2023-12-30T14:43:40.855+01:00  INFO 32660 --- [Pool-1-worker-1] com.zaxxer.hikari.HikariDataSource       : HikariPool-37 - Starting...
2023-12-30T14:43:40.856+01:00  INFO 32660 --- [Pool-1-worker-1] com.zaxxer.hikari.pool.HikariPool        : HikariPool-37 - Added connection conn360: url=jdbc:h2:mem:testdb user=SA
2023-12-30T14:43:40.856+01:00  INFO 32660 --- [Pool-1-worker-1] com.zaxxer.hikari.HikariDataSource       : HikariPool-37 - Start completed.
2023-12-30T14:43:40.858+01:00  INFO 32660 --- [Pool-1-worker-1] o.hibernate.jpa.internal.util.LogHelper  : HHH000204: Processing PersistenceUnitInfo [name: default]
2023-12-30T14:43:40.864+01:00  INFO 32660 --- [Pool-1-worker-1] o.h.b.i.BytecodeProviderInitiator        : HHH000021: Bytecode provider name : bytebuddy
2023-12-30T14:43:40.864+01:00  INFO 32660 --- [Pool-1-worker-1] o.s.o.j.p.SpringPersistenceUnitInfo      : No LoadTimeWeaver setup: ignoring JPA class transformer
2023-12-30T14:43:40.879+01:00  INFO 32660 --- [Pool-1-worker-1] o.h.b.i.BytecodeProviderInitiator        : HHH000021: Bytecode provider name : bytebuddy
2023-12-30T14:43:40.926+01:00  INFO 32660 --- [Pool-1-worker-1] o.h.e.t.j.p.i.JtaPlatformInitiator       : HHH000490: Using JtaPlatform implementation: [org.hibernate.engine.transaction.jta.platform.internal.NoJtaPlatform]
2023-12-30T14:43:40.930+01:00  INFO 32660 --- [Pool-1-worker-1] j.LocalContainerEntityManagerFactoryBean : Initialized JPA EntityManagerFactory for persistence unit 'default'
2023-12-30T14:43:41.018+01:00  WARN 32660 --- [Pool-1-worker-1] JpaBaseConfiguration$JpaWebConfiguration : spring.jpa.open-in-view is enabled by default. Therefore, database queries may be performed during view rendering. Explicitly configure spring.jpa.open-in-view to disable this warning
2023-12-30T14:43:41.029+01:00  INFO 32660 --- [Pool-1-worker-1] o.hibernate.id.enhanced.PooledOptimizer  : HHH000201: Pooled optimizer source reported [BasicHolder[java.lang.Long[0]]] as the initial value; use of 1 or greater highly recommended
2023-12-30T14:43:41.056+01:00  INFO 32660 --- [Pool-1-worker-1] o.s.s.web.DefaultSecurityFilterChain     : Will secure any request with [org.springframework.security.web.session.DisableEncodeUrlFilter@5141fc19, org.springframework.security.web.context.request.async.WebAsyncManagerIntegrationFilter@6d7fa81f, org.springframework.security.web.context.SecurityContextHolderFilter@7982b258, org.springframework.security.web.header.HeaderWriterFilter@4a41d15e, org.springframework.security.web.csrf.CsrfFilter@5fd1fd74, org.springframework.security.web.authentication.logout.LogoutFilter@7d30abc7, org.springframework.security.web.authentication.UsernamePasswordAuthenticationFilter@29d70477, org.springframework.security.web.savedrequest.RequestCacheAwareFilter@29e8ca41, org.springframework.security.web.servletapi.SecurityContextHolderAwareRequestFilter@55c33b13, org.springframework.security.web.authentication.AnonymousAuthenticationFilter@20b0a128, org.springframework.security.web.access.ExceptionTranslationFilter@124dd35c, org.springframework.security.web.access.intercept.AuthorizationFilter@5e32761e]
2023-12-30T14:43:41.121+01:00  INFO 32660 --- [Pool-1-worker-1] o.s.b.t.m.w.SpringBootMockServletContext : Initializing Spring TestDispatcherServlet ''
2023-12-30T14:43:41.121+01:00  INFO 32660 --- [Pool-1-worker-1] o.s.t.web.servlet.TestDispatcherServlet  : Initializing Servlet ''
2023-12-30T14:43:41.121+01:00  INFO 32660 --- [Pool-1-worker-1] o.s.t.web.servlet.TestDispatcherServlet  : Completed initialization in 0 ms
2023-12-30T14:43:41.125+01:00  INFO 32660 --- [Pool-1-worker-1] i.s.a.integration.SessionPresenterTest   : Started SessionPresenterTest in 0.441 seconds (process running for 31.537)
2023-12-30T14:43:41.146+01:00  INFO 32660 --- [Pool-1-worker-1] j.LocalContainerEntityManagerFactoryBean : Closing JPA EntityManagerFactory for persistence unit 'default'
2023-12-30T14:43:41.147+01:00  INFO 32660 --- [Pool-1-worker-1] com.zaxxer.hikari.HikariDataSource       : HikariPool-37 - Shutdown initiated...
2023-12-30T14:43:41.148+01:00  INFO 32660 --- [Pool-1-worker-1] com.zaxxer.hikari.HikariDataSource       : HikariPool-37 - Shutdown completed.
]]></system-out>
  </testcase>
  <testcase name="participant_rimosso_correttamente" classname="it.studyapp.application.integration.SessionPresenterTest" time="0.046">
    <system-out><![CDATA[  _____ _                  ____ ____  __  __   _____      _             _       _ 
 |  ___| | _____      __  / ___|  _ \|  \/  | |_   _|   _| |_ ___  _ __(_) __ _| |
 | |_  | |/ _ \ \ /\ / / | |   | |_) | |\/| |   | || | | | __/ _ \| '__| |/ _` | |
 |  _| | | (_) \ V  V /  | |___|  _ <| |  | |   | || |_| | || (_) | |  | | (_| | |
 |_|   |_|\___/ \_/\_/    \____|_| \_\_|  |_|   |_| \__,_|\__\___/|_|  |_|\__,_|_|
                                                                                  

2023-12-30T14:43:41.166+01:00  INFO 32660 --- [Pool-1-worker-1] i.s.a.integration.SessionPresenterTest   : Starting SessionPresenterTest using Java 20.0.2 with PID 32660 (started by oland in C:\Users\oland\eclipse-workspace\SSD_01-2024_StudyApp)
2023-12-30T14:43:41.166+01:00  INFO 32660 --- [Pool-1-worker-1] i.s.a.integration.SessionPresenterTest   : No active profile set, falling back to 1 default profile: "default"
2023-12-30T14:43:41.270+01:00  INFO 32660 --- [Pool-1-worker-1] .s.d.r.c.RepositoryConfigurationDelegate : Bootstrapping Spring Data JPA repositories in DEFAULT mode.
2023-12-30T14:43:41.298+01:00  INFO 32660 --- [Pool-1-worker-1] .s.d.r.c.RepositoryConfigurationDelegate : Finished Spring Data repository scanning in 27 ms. Found 9 JPA repository interfaces.
2023-12-30T14:43:41.338+01:00  INFO 32660 --- [Pool-1-worker-1] com.zaxxer.hikari.HikariDataSource       : HikariPool-38 - Starting...
2023-12-30T14:43:41.340+01:00  INFO 32660 --- [Pool-1-worker-1] com.zaxxer.hikari.pool.HikariPool        : HikariPool-38 - Added connection conn370: url=jdbc:h2:mem:testdb user=SA
2023-12-30T14:43:41.340+01:00  INFO 32660 --- [Pool-1-worker-1] com.zaxxer.hikari.HikariDataSource       : HikariPool-38 - Start completed.
2023-12-30T14:43:41.342+01:00  INFO 32660 --- [Pool-1-worker-1] o.hibernate.jpa.internal.util.LogHelper  : HHH000204: Processing PersistenceUnitInfo [name: default]
2023-12-30T14:43:41.348+01:00  INFO 32660 --- [Pool-1-worker-1] o.h.b.i.BytecodeProviderInitiator        : HHH000021: Bytecode provider name : bytebuddy
2023-12-30T14:43:41.348+01:00  INFO 32660 --- [Pool-1-worker-1] o.s.o.j.p.SpringPersistenceUnitInfo      : No LoadTimeWeaver setup: ignoring JPA class transformer
2023-12-30T14:43:41.365+01:00  INFO 32660 --- [Pool-1-worker-1] o.h.b.i.BytecodeProviderInitiator        : HHH000021: Bytecode provider name : bytebuddy
2023-12-30T14:43:41.419+01:00  INFO 32660 --- [Pool-1-worker-1] o.h.e.t.j.p.i.JtaPlatformInitiator       : HHH000490: Using JtaPlatform implementation: [org.hibernate.engine.transaction.jta.platform.internal.NoJtaPlatform]
2023-12-30T14:43:41.424+01:00  INFO 32660 --- [Pool-1-worker-1] j.LocalContainerEntityManagerFactoryBean : Initialized JPA EntityManagerFactory for persistence unit 'default'
2023-12-30T14:43:41.503+01:00  WARN 32660 --- [Pool-1-worker-1] JpaBaseConfiguration$JpaWebConfiguration : spring.jpa.open-in-view is enabled by default. Therefore, database queries may be performed during view rendering. Explicitly configure spring.jpa.open-in-view to disable this warning
2023-12-30T14:43:41.509+01:00  INFO 32660 --- [Pool-1-worker-1] o.hibernate.id.enhanced.PooledOptimizer  : HHH000201: Pooled optimizer source reported [BasicHolder[java.lang.Long[0]]] as the initial value; use of 1 or greater highly recommended
2023-12-30T14:43:41.517+01:00  INFO 32660 --- [Pool-1-worker-1] o.s.s.web.DefaultSecurityFilterChain     : Will secure any request with [org.springframework.security.web.session.DisableEncodeUrlFilter@3e8fee34, org.springframework.security.web.context.request.async.WebAsyncManagerIntegrationFilter@2ce81ed2, org.springframework.security.web.context.SecurityContextHolderFilter@5440dd7a, org.springframework.security.web.header.HeaderWriterFilter@3d29675b, org.springframework.security.web.csrf.CsrfFilter@4b60e120, org.springframework.security.web.authentication.logout.LogoutFilter@50af170, org.springframework.security.web.authentication.UsernamePasswordAuthenticationFilter@6cdc03ae, org.springframework.security.web.savedrequest.RequestCacheAwareFilter@18e54f33, org.springframework.security.web.servletapi.SecurityContextHolderAwareRequestFilter@2116f52f, org.springframework.security.web.authentication.AnonymousAuthenticationFilter@615b63ba, org.springframework.security.web.access.ExceptionTranslationFilter@3691eb73, org.springframework.security.web.access.intercept.AuthorizationFilter@218d8e63]
2023-12-30T14:43:41.567+01:00  INFO 32660 --- [Pool-1-worker-1] o.s.b.t.m.w.SpringBootMockServletContext : Initializing Spring TestDispatcherServlet ''
2023-12-30T14:43:41.567+01:00  INFO 32660 --- [Pool-1-worker-1] o.s.t.web.servlet.TestDispatcherServlet  : Initializing Servlet ''
2023-12-30T14:43:41.567+01:00  INFO 32660 --- [Pool-1-worker-1] o.s.t.web.servlet.TestDispatcherServlet  : Completed initialization in 0 ms
2023-12-30T14:43:41.571+01:00  INFO 32660 --- [Pool-1-worker-1] i.s.a.integration.SessionPresenterTest   : Started SessionPresenterTest in 0.42 seconds (process running for 31.982)
2023-12-30T14:43:41.617+01:00  INFO 32660 --- [Pool-1-worker-1] j.LocalContainerEntityManagerFactoryBean : Closing JPA EntityManagerFactory for persistence unit 'default'
2023-12-30T14:43:41.617+01:00  INFO 32660 --- [Pool-1-worker-1] com.zaxxer.hikari.HikariDataSource       : HikariPool-38 - Shutdown initiated...
2023-12-30T14:43:41.618+01:00  INFO 32660 --- [Pool-1-worker-1] com.zaxxer.hikari.HikariDataSource       : HikariPool-38 - Shutdown completed.
]]></system-out>
  </testcase>
  <testcase name="owner_ha_evento_calendario_relativo_a_sessione_creata" classname="it.studyapp.application.integration.SessionPresenterTest" time="0.025">
    <system-out><![CDATA[  _____ _                  ____ ____  __  __   _____      _             _       _ 
 |  ___| | _____      __  / ___|  _ \|  \/  | |_   _|   _| |_ ___  _ __(_) __ _| |
 | |_  | |/ _ \ \ /\ / / | |   | |_) | |\/| |   | || | | | __/ _ \| '__| |/ _` | |
 |  _| | | (_) \ V  V /  | |___|  _ <| |  | |   | || |_| | || (_) | |  | | (_| | |
 |_|   |_|\___/ \_/\_/    \____|_| \_\_|  |_|   |_| \__,_|\__\___/|_|  |_|\__,_|_|
                                                                                  

2023-12-30T14:43:41.639+01:00  INFO 32660 --- [Pool-1-worker-1] i.s.a.integration.SessionPresenterTest   : Starting SessionPresenterTest using Java 20.0.2 with PID 32660 (started by oland in C:\Users\oland\eclipse-workspace\SSD_01-2024_StudyApp)
2023-12-30T14:43:41.640+01:00  INFO 32660 --- [Pool-1-worker-1] i.s.a.integration.SessionPresenterTest   : No active profile set, falling back to 1 default profile: "default"
2023-12-30T14:43:41.758+01:00  INFO 32660 --- [Pool-1-worker-1] .s.d.r.c.RepositoryConfigurationDelegate : Bootstrapping Spring Data JPA repositories in DEFAULT mode.
2023-12-30T14:43:41.791+01:00  INFO 32660 --- [Pool-1-worker-1] .s.d.r.c.RepositoryConfigurationDelegate : Finished Spring Data repository scanning in 32 ms. Found 9 JPA repository interfaces.
2023-12-30T14:43:41.826+01:00  INFO 32660 --- [Pool-1-worker-1] com.zaxxer.hikari.HikariDataSource       : HikariPool-39 - Starting...
2023-12-30T14:43:41.827+01:00  INFO 32660 --- [Pool-1-worker-1] com.zaxxer.hikari.pool.HikariPool        : HikariPool-39 - Added connection conn380: url=jdbc:h2:mem:testdb user=SA
2023-12-30T14:43:41.827+01:00  INFO 32660 --- [Pool-1-worker-1] com.zaxxer.hikari.HikariDataSource       : HikariPool-39 - Start completed.
2023-12-30T14:43:41.828+01:00  INFO 32660 --- [Pool-1-worker-1] o.hibernate.jpa.internal.util.LogHelper  : HHH000204: Processing PersistenceUnitInfo [name: default]
2023-12-30T14:43:41.834+01:00  INFO 32660 --- [Pool-1-worker-1] o.h.b.i.BytecodeProviderInitiator        : HHH000021: Bytecode provider name : bytebuddy
2023-12-30T14:43:41.834+01:00  INFO 32660 --- [Pool-1-worker-1] o.s.o.j.p.SpringPersistenceUnitInfo      : No LoadTimeWeaver setup: ignoring JPA class transformer
2023-12-30T14:43:41.848+01:00  INFO 32660 --- [Pool-1-worker-1] o.h.b.i.BytecodeProviderInitiator        : HHH000021: Bytecode provider name : bytebuddy
2023-12-30T14:43:41.901+01:00  INFO 32660 --- [Pool-1-worker-1] o.h.e.t.j.p.i.JtaPlatformInitiator       : HHH000490: Using JtaPlatform implementation: [org.hibernate.engine.transaction.jta.platform.internal.NoJtaPlatform]
2023-12-30T14:43:41.906+01:00  INFO 32660 --- [Pool-1-worker-1] j.LocalContainerEntityManagerFactoryBean : Initialized JPA EntityManagerFactory for persistence unit 'default'
2023-12-30T14:43:41.984+01:00  WARN 32660 --- [Pool-1-worker-1] JpaBaseConfiguration$JpaWebConfiguration : spring.jpa.open-in-view is enabled by default. Therefore, database queries may be performed during view rendering. Explicitly configure spring.jpa.open-in-view to disable this warning
2023-12-30T14:43:41.989+01:00  INFO 32660 --- [Pool-1-worker-1] o.hibernate.id.enhanced.PooledOptimizer  : HHH000201: Pooled optimizer source reported [BasicHolder[java.lang.Long[0]]] as the initial value; use of 1 or greater highly recommended
2023-12-30T14:43:41.997+01:00  INFO 32660 --- [Pool-1-worker-1] o.s.s.web.DefaultSecurityFilterChain     : Will secure any request with [org.springframework.security.web.session.DisableEncodeUrlFilter@40ab1a49, org.springframework.security.web.context.request.async.WebAsyncManagerIntegrationFilter@787868f5, org.springframework.security.web.context.SecurityContextHolderFilter@742d9583, org.springframework.security.web.header.HeaderWriterFilter@751efc94, org.springframework.security.web.csrf.CsrfFilter@28bc7aae, org.springframework.security.web.authentication.logout.LogoutFilter@6e68febf, org.springframework.security.web.authentication.UsernamePasswordAuthenticationFilter@691f9cd3, org.springframework.security.web.savedrequest.RequestCacheAwareFilter@3f8fe8a2, org.springframework.security.web.servletapi.SecurityContextHolderAwareRequestFilter@74895426, org.springframework.security.web.authentication.AnonymousAuthenticationFilter@4c7d7e74, org.springframework.security.web.access.ExceptionTranslationFilter@20bd6e03, org.springframework.security.web.access.intercept.AuthorizationFilter@107488b6]
2023-12-30T14:43:42.054+01:00  INFO 32660 --- [Pool-1-worker-1] o.s.b.t.m.w.SpringBootMockServletContext : Initializing Spring TestDispatcherServlet ''
2023-12-30T14:43:42.054+01:00  INFO 32660 --- [Pool-1-worker-1] o.s.t.web.servlet.TestDispatcherServlet  : Initializing Servlet ''
2023-12-30T14:43:42.055+01:00  INFO 32660 --- [Pool-1-worker-1] o.s.t.web.servlet.TestDispatcherServlet  : Completed initialization in 1 ms
2023-12-30T14:43:42.059+01:00  INFO 32660 --- [Pool-1-worker-1] i.s.a.integration.SessionPresenterTest   : Started SessionPresenterTest in 0.437 seconds (process running for 32.47)
[...]
2023-12-30T14:43:42.353+01:00  INFO 32660 --- [Pool-1-worker-1] j.LocalContainerEntityManagerFactoryBean : Initialized JPA EntityManagerFactory for persistence unit 'default'
2023-12-30T14:43:42.424+01:00  WARN 32660 --- [Pool-1-worker-1] JpaBaseConfiguration$JpaWebConfiguration : spring.jpa.open-in-view is enabled by default. Therefore, database queries may be performed during view rendering. Explicitly configure spring.jpa.open-in-view to disable this warning
2023-12-30T14:43:42.430+01:00  INFO 32660 --- [Pool-1-worker-1] o.hibernate.id.enhanced.PooledOptimizer  : HHH000201: Pooled optimizer source reported [BasicHolder[java.lang.Long[0]]] as the initial value; use of 1 or greater highly recommended
2023-12-30T14:43:42.438+01:00  INFO 32660 --- [Pool-1-worker-1] o.s.s.web.DefaultSecurityFilterChain     : Will secure any request with [org.springframework.security.web.session.DisableEncodeUrlFilter@3d084623, org.springframework.security.web.context.request.async.WebAsyncManagerIntegrationFilter@52093f7e, org.springframework.security.web.context.SecurityContextHolderFilter@4bd26621, org.springframework.security.web.header.HeaderWriterFilter@5f10b375, org.springframework.security.web.csrf.CsrfFilter@3b8f64d6, org.springframework.security.web.authentication.logout.LogoutFilter@5317099d, org.springframework.security.web.authentication.UsernamePasswordAuthenticationFilter@5638f698, org.springframework.security.web.savedrequest.RequestCacheAwareFilter@b3b0259, org.springframework.security.web.servletapi.SecurityContextHolderAwareRequestFilter@517d1fe6, org.springframework.security.web.authentication.AnonymousAuthenticationFilter@59b9939a, org.springframework.security.web.access.ExceptionTranslationFilter@89a50c8, org.springframework.security.web.access.intercept.AuthorizationFilter@39d64da8]
2023-12-30T14:43:42.519+01:00  INFO 32660 --- [Pool-1-worker-1] o.s.b.t.m.w.SpringBootMockServletContext : Initializing Spring TestDispatcherServlet ''
2023-12-30T14:43:42.520+01:00  INFO 32660 --- [Pool-1-worker-1] o.s.t.web.servlet.TestDispatcherServlet  : Initializing Servlet ''
2023-12-30T14:43:42.520+01:00  INFO 32660 --- [Pool-1-worker-1] o.s.t.web.servlet.TestDispatcherServlet  : Completed initialization in 0 ms
2023-12-30T14:43:42.525+01:00  INFO 32660 --- [Pool-1-worker-1] i.s.a.integration.SessionPresenterTest   : Started SessionPresenterTest in 0.438 seconds (process running for 32.936)
2023-12-30T14:43:42.601+01:00  INFO 32660 --- [Pool-1-worker-1] j.LocalContainerEntityManagerFactoryBean : Closing JPA EntityManagerFactory for persistence unit 'default'
2023-12-30T14:43:42.602+01:00  INFO 32660 --- [Pool-1-worker-1] com.zaxxer.hikari.HikariDataSource       : HikariPool-40 - Shutdown initiated...
2023-12-30T14:43:42.603+01:00  INFO 32660 --- [Pool-1-worker-1] com.zaxxer.hikari.HikariDataSource       : HikariPool-40 - Shutdown completed.
]]></system-out>
  </testcase>
  <testcase name="owner_ha_la_sessione_creata" classname="it.studyapp.application.integration.SessionPresenterTest" time="0.017">
    <system-out><![CDATA[  _____ _                  ____ ____  __  __   _____      _             _       _ 
 |  ___| | _____      __  / ___|  _ \|  \/  | |_   _|   _| |_ ___  _ __(_) __ _| |
 | |_  | |/ _ \ \ /\ / / | |   | |_) | |\/| |   | || | | | __/ _ \| '__| |/ _` | |
 |  _| | | (_) \ V  V /  | |___|  _ <| |  | |   | || |_| | || (_) | |  | | (_| | |
 |_|   |_|\___/ \_/\_/    \____|_| \_\_|  |_|   |_| \__,_|\__\___/|_|  |_|\__,_|_|
                                                                                  

2023-12-30T14:43:42.626+01:00  INFO 32660 --- [Pool-1-worker-1] i.s.a.integration.SessionPresenterTest   : Starting SessionPresenterTest using Java 20.0.2 with PID 32660 (started by oland in C:\Users\oland\eclipse-workspace\SSD_01-2024_StudyApp)
2023-12-30T14:43:42.626+01:00  INFO 32660 --- [Pool-1-worker-1] i.s.a.integration.SessionPresenterTest   : No active profile set, falling back to 1 default profile: "default"
2023-12-30T14:43:42.741+01:00  INFO 32660 --- [Pool-1-worker-1] .s.d.r.c.RepositoryConfigurationDelegate : Bootstrapping Spring Data JPA repositories in DEFAULT mode.
2023-12-30T14:43:42.770+01:00  INFO 32660 --- [Pool-1-worker-1] .s.d.r.c.RepositoryConfigurationDelegate : Finished Spring Data repository scanning in 28 ms. Found 9 JPA repository interfaces.
2023-12-30T14:43:42.806+01:00  INFO 32660 --- [Pool-1-worker-1] com.zaxxer.hikari.HikariDataSource       : HikariPool-41 - Starting...
2023-12-30T14:43:42.807+01:00  INFO 32660 --- [Pool-1-worker-1] com.zaxxer.hikari.pool.HikariPool        : HikariPool-41 - Added connection conn400: url=jdbc:h2:mem:testdb user=SA
2023-12-30T14:43:42.807+01:00  INFO 32660 --- [Pool-1-worker-1] com.zaxxer.hikari.HikariDataSource       : HikariPool-41 - Start completed.
2023-12-30T14:43:42.809+01:00  INFO 32660 --- [Pool-1-worker-1] o.hibernate.jpa.internal.util.LogHelper  : HHH000204: Processing PersistenceUnitInfo [name: default]
2023-12-30T14:43:42.816+01:00  INFO 32660 --- [Pool-1-worker-1] o.h.b.i.BytecodeProviderInitiator        : HHH000021: Bytecode provider name : bytebuddy
2023-12-30T14:43:42.816+01:00  INFO 32660 --- [Pool-1-worker-1] o.s.o.j.p.SpringPersistenceUnitInfo      : No LoadTimeWeaver setup: ignoring JPA class transformer
2023-12-30T14:43:42.832+01:00  INFO 32660 --- [Pool-1-worker-1] o.h.b.i.BytecodeProviderInitiator        : HHH000021: Bytecode provider name : bytebuddy
2023-12-30T14:43:42.883+01:00  INFO 32660 --- [Pool-1-worker-1] o.h.e.t.j.p.i.JtaPlatformInitiator       : HHH000490: Using JtaPlatform implementation: [org.hibernate.engine.transaction.jta.platform.internal.NoJtaPlatform]
2023-12-30T14:43:42.887+01:00  INFO 32660 --- [Pool-1-worker-1] j.LocalContainerEntityManagerFactoryBean : Initialized JPA EntityManagerFactory for persistence unit 'default'
2023-12-30T14:43:42.965+01:00  WARN 32660 --- [Pool-1-worker-1] JpaBaseConfiguration$JpaWebConfiguration : spring.jpa.open-in-view is enabled by default. Therefore, database queries may be performed during view rendering. Explicitly configure spring.jpa.open-in-view to disable this warning
2023-12-30T14:43:42.971+01:00  INFO 32660 --- [Pool-1-worker-1] o.hibernate.id.enhanced.PooledOptimizer  : HHH000201: Pooled optimizer source reported [BasicHolder[java.lang.Long[0]]] as the initial value; use of 1 or greater highly recommended
2023-12-30T14:43:42.979+01:00  INFO 32660 --- [Pool-1-worker-1] o.s.s.web.DefaultSecurityFilterChain     : Will secure any request with [org.springframework.security.web.session.DisableEncodeUrlFilter@1907a914, org.springframework.security.web.context.request.async.WebAsyncManagerIntegrationFilter@294c0aa9, org.springframework.security.web.context.SecurityContextHolderFilter@4b12ecc4, org.springframework.security.web.header.HeaderWriterFilter@5255628a, org.springframework.security.web.csrf.CsrfFilter@45aa5c42, org.springframework.security.web.authentication.logout.LogoutFilter@c520bc5, org.springframework.security.web.authentication.UsernamePasswordAuthenticationFilter@5979640, org.springframework.security.web.savedrequest.RequestCacheAwareFilter@5c4de1a8, org.springframework.security.web.servletapi.SecurityContextHolderAwareRequestFilter@29c2cf52, org.springframework.security.web.authentication.AnonymousAuthenticationFilter@1987075c, org.springframework.security.web.access.ExceptionTranslationFilter@6c833f2c, org.springframework.security.web.access.intercept.AuthorizationFilter@260baf]
2023-12-30T14:43:43.047+01:00  INFO 32660 --- [Pool-1-worker-1] o.s.b.t.m.w.SpringBootMockServletContext : Initializing Spring TestDispatcherServlet ''
2023-12-30T14:43:43.047+01:00  INFO 32660 --- [Pool-1-worker-1] o.s.t.web.servlet.TestDispatcherServlet  : Initializing Servlet ''
2023-12-30T14:43:43.048+01:00  INFO 32660 --- [Pool-1-worker-1] o.s.t.web.servlet.TestDispatcherServlet  : Completed initialization in 1 ms
2023-12-30T14:43:43.052+01:00  INFO 32660 --- [Pool-1-worker-1] i.s.a.integration.SessionPresenterTest   : Started SessionPresenterTest in 0.445 seconds (process running for 33.463)
2023-12-30T14:43:43.068+01:00  INFO 32660 --- [Pool-1-worker-1] j.LocalContainerEntityManagerFactoryBean : Closing JPA EntityManagerFactory for persistence unit 'default'
2023-12-30T14:43:43.069+01:00  INFO 32660 --- [Pool-1-worker-1] com.zaxxer.hikari.HikariDataSource       : HikariPool-41 - Shutdown initiated...
2023-12-30T14:43:43.069+01:00  INFO 32660 --- [Pool-1-worker-1] com.zaxxer.hikari.HikariDataSource       : HikariPool-41 - Shutdown completed.
]]></system-out>
  </testcase>
  <testcase name="richiesta_sessione_creata_correttamente" classname="it.studyapp.application.integration.SessionPresenterTest" time="0.025">
    <system-out><![CDATA[  _____ _                  ____ ____  __  __   _____      _             _       _ 
 |  ___| | _____      __  / ___|  _ \|  \/  | |_   _|   _| |_ ___  _ __(_) __ _| |
 | |_  | |/ _ \ \ /\ / / | |   | |_) | |\/| |   | || | | | __/ _ \| '__| |/ _` | |
 |  _| | | (_) \ V  V /  | |___|  _ <| |  | |   | || |_| | || (_) | |  | | (_| | |
 |_|   |_|\___/ \_/\_/    \____|_| \_\_|  |_|   |_| \__,_|\__\___/|_|  |_|\__,_|_|
                                                                                  

2023-12-30T14:43:43.088+01:00  INFO 32660 --- [Pool-1-worker-1] i.s.a.integration.SessionPresenterTest   : Starting SessionPresenterTest using Java 20.0.2 with PID 32660 (started by oland in C:\Users\oland\eclipse-workspace\SSD_01-2024_StudyApp)
2023-12-30T14:43:43.088+01:00  INFO 32660 --- [Pool-1-worker-1] i.s.a.integration.SessionPresenterTest   : No active profile set, falling back to 1 default profile: "default"
2023-12-30T14:43:43.192+01:00  INFO 32660 --- [Pool-1-worker-1] .s.d.r.c.RepositoryConfigurationDelegate : Bootstrapping Spring Data JPA repositories in DEFAULT mode.
2023-12-30T14:43:43.218+01:00  INFO 32660 --- [Pool-1-worker-1] .s.d.r.c.RepositoryConfigurationDelegate : Finished Spring Data repository scanning in 26 ms. Found 9 JPA repository interfaces.
2023-12-30T14:43:43.252+01:00  INFO 32660 --- [Pool-1-worker-1] com.zaxxer.hikari.HikariDataSource       : HikariPool-42 - Starting...
2023-12-30T14:43:43.253+01:00  INFO 32660 --- [Pool-1-worker-1] com.zaxxer.hikari.pool.HikariPool        : HikariPool-42 - Added connection conn410: url=jdbc:h2:mem:testdb user=SA
2023-12-30T14:43:43.253+01:00  INFO 32660 --- [Pool-1-worker-1] com.zaxxer.hikari.HikariDataSource       : HikariPool-42 - Start completed.
2023-12-30T14:43:43.254+01:00  INFO 32660 --- [Pool-1-worker-1] o.hibernate.jpa.internal.util.LogHelper  : HHH000204: Processing PersistenceUnitInfo [name: default]
2023-12-30T14:43:43.261+01:00  INFO 32660 --- [Pool-1-worker-1] o.h.b.i.BytecodeProviderInitiator        : HHH000021: Bytecode provider name : bytebuddy
2023-12-30T14:43:43.261+01:00  INFO 32660 --- [Pool-1-worker-1] o.s.o.j.p.SpringPersistenceUnitInfo      : No LoadTimeWeaver setup: ignoring JPA class transformer
2023-12-30T14:43:43.273+01:00  INFO 32660 --- [Pool-1-worker-1] o.h.b.i.BytecodeProviderInitiator        : HHH000021: Bytecode provider name : bytebuddy
2023-12-30T14:43:43.317+01:00  INFO 32660 --- [Pool-1-worker-1] o.h.e.t.j.p.i.JtaPlatformInitiator       : HHH000490: Using JtaPlatform implementation: [org.hibernate.engine.transaction.jta.platform.internal.NoJtaPlatform]
2023-12-30T14:43:43.321+01:00  INFO 32660 --- [Pool-1-worker-1] j.LocalContainerEntityManagerFactoryBean : Initialized JPA EntityManagerFactory for persistence unit 'default'
2023-12-30T14:43:43.389+01:00  WARN 32660 --- [Pool-1-worker-1] JpaBaseConfiguration$JpaWebConfiguration : spring.jpa.open-in-view is enabled by default. Therefore, database queries may be performed during view rendering. Explicitly configure spring.jpa.open-in-view to disable this warning
2023-12-30T14:43:43.396+01:00  INFO 32660 --- [Pool-1-worker-1] o.hibernate.id.enhanced.PooledOptimizer  : HHH000201: Pooled optimizer source reported [BasicHolder[java.lang.Long[0]]] as the initial value; use of 1 or greater highly recommended
2023-12-30T14:43:43.403+01:00  INFO 32660 --- [Pool-1-worker-1] o.s.s.web.DefaultSecurityFilterChain     : Will secure any request with [org.springframework.security.web.session.DisableEncodeUrlFilter@7146cde6, org.springframework.security.web.context.request.async.WebAsyncManagerIntegrationFilter@78ddafa5, org.springframework.security.web.context.SecurityContextHolderFilter@222ca747, org.springframework.security.web.header.HeaderWriterFilter@70ab03, org.springframework.security.web.csrf.CsrfFilter@34e894dc, org.springframework.security.web.authentication.logout.LogoutFilter@59bbdb51, org.springframework.security.web.authentication.UsernamePasswordAuthenticationFilter@76a0e130, org.springframework.security.web.savedrequest.RequestCacheAwareFilter@529289aa, org.springframework.security.web.servletapi.SecurityContextHolderAwareRequestFilter@1b47c99c, org.springframework.security.web.authentication.AnonymousAuthenticationFilter@25b6c1ad, org.springframework.security.web.access.ExceptionTranslationFilter@272dc632, org.springframework.security.web.access.intercept.AuthorizationFilter@3a0ce754]
2023-12-30T14:43:43.457+01:00  INFO 32660 --- [Pool-1-worker-1] o.s.b.t.m.w.SpringBootMockServletContext : Initializing Spring TestDispatcherServlet ''
2023-12-30T14:43:43.457+01:00  INFO 32660 --- [Pool-1-worker-1] o.s.t.web.servlet.TestDispatcherServlet  : Initializing Servlet ''
2023-12-30T14:43:43.457+01:00  INFO 32660 --- [Pool-1-worker-1] o.s.t.web.servlet.TestDispatcherServlet  : Completed initialization in 0 ms
2023-12-30T14:43:43.463+01:00  INFO 32660 --- [Pool-1-worker-1] i.s.a.integration.SessionPresenterTest   : Started SessionPresenterTest in 0.39 seconds (process running for 33.875)
2023-12-30T14:43:43.478+01:00  INFO 32660 --- [Pool-1-worker-1] j.LocalContainerEntityManagerFactoryBean : Closing JPA EntityManagerFactory for persistence unit 'default'
2023-12-30T14:43:43.479+01:00  INFO 32660 --- [Pool-1-worker-1] com.zaxxer.hikari.HikariDataSource       : HikariPool-42 - Shutdown initiated...
2023-12-30T14:43:43.489+01:00  INFO 32660 --- [Pool-1-worker-1] com.zaxxer.hikari.HikariDataSource       : HikariPool-42 - Shutdown completed.
]]></system-out>
  </testcase>
  <testcase name="sessione_creata_correttamente" classname="it.studyapp.application.integration.SessionPresenterTest" time="0.029">
    <system-out><![CDATA[  _____ _                  ____ ____  __  __   _____      _             _       _ 
 |  ___| | _____      __  / ___|  _ \|  \/  | |_   _|   _| |_ ___  _ __(_) __ _| |
 | |_  | |/ _ \ \ /\ / / | |   | |_) | |\/| |   | || | | | __/ _ \| '__| |/ _` | |
 |  _| | | (_) \ V  V /  | |___|  _ <| |  | |   | || |_| | || (_) | |  | | (_| | |
 |_|   |_|\___/ \_/\_/    \____|_| \_\_|  |_|   |_| \__,_|\__\___/|_|  |_|\__,_|_|
                                                                                  

2023-12-30T14:43:43.506+01:00  INFO 32660 --- [Pool-1-worker-1] i.s.a.integration.SessionPresenterTest   : Starting SessionPresenterTest using Java 20.0.2 with PID 32660 (started by oland in C:\Users\oland\eclipse-workspace\SSD_01-2024_StudyApp)
2023-12-30T14:43:43.506+01:00  INFO 32660 --- [Pool-1-worker-1] i.s.a.integration.SessionPresenterTest   : No active profile set, falling back to 1 default profile: "default"
2023-12-30T14:43:43.601+01:00  INFO 32660 --- [Pool-1-worker-1] .s.d.r.c.RepositoryConfigurationDelegate : Bootstrapping Spring Data JPA repositories in DEFAULT mode.
2023-12-30T14:43:43.626+01:00  INFO 32660 --- [Pool-1-worker-1] .s.d.r.c.RepositoryConfigurationDelegate : Finished Spring Data repository scanning in 24 ms. Found 9 JPA repository interfaces.
2023-12-30T14:43:43.660+01:00  INFO 32660 --- [Pool-1-worker-1] com.zaxxer.hikari.HikariDataSource       : HikariPool-43 - Starting...
2023-12-30T14:43:43.661+01:00  INFO 32660 --- [Pool-1-worker-1] com.zaxxer.hikari.pool.HikariPool        : HikariPool-43 - Added connection conn419: url=jdbc:h2:mem:testdb user=SA
2023-12-30T14:43:43.661+01:00  INFO 32660 --- [Pool-1-worker-1] com.zaxxer.hikari.HikariDataSource       : HikariPool-43 - Start completed.
2023-12-30T14:43:43.663+01:00  INFO 32660 --- [Pool-1-worker-1] o.hibernate.jpa.internal.util.LogHelper  : HHH000204: Processing PersistenceUnitInfo [name: default]
2023-12-30T14:43:43.669+01:00  INFO 32660 --- [Pool-1-worker-1] o.h.b.i.BytecodeProviderInitiator        : HHH000021: Bytecode provider name : bytebuddy
2023-12-30T14:43:43.669+01:00  INFO 32660 --- [Pool-1-worker-1] o.s.o.j.p.SpringPersistenceUnitInfo      : No LoadTimeWeaver setup: ignoring JPA class transformer
2023-12-30T14:43:43.688+01:00  INFO 32660 --- [Pool-1-worker-1] o.h.b.i.BytecodeProviderInitiator        : HHH000021: Bytecode provider name : bytebuddy
2023-12-30T14:43:43.740+01:00  INFO 32660 --- [Pool-1-worker-1] o.h.e.t.j.p.i.JtaPlatformInitiator       : HHH000490: Using JtaPlatform implementation: [org.hibernate.engine.transaction.jta.platform.internal.NoJtaPlatform]
2023-12-30T14:43:43.745+01:00  INFO 32660 --- [Pool-1-worker-1] j.LocalContainerEntityManagerFactoryBean : Initialized JPA EntityManagerFactory for persistence unit 'default'
2023-12-30T14:43:43.816+01:00  WARN 32660 --- [Pool-1-worker-1] JpaBaseConfiguration$JpaWebConfiguration : spring.jpa.open-in-view is enabled by default. Therefore, database queries may be performed during view rendering. Explicitly configure spring.jpa.open-in-view to disable this warning
2023-12-30T14:43:43.822+01:00  INFO 32660 --- [Pool-1-worker-1] o.hibernate.id.enhanced.PooledOptimizer  : HHH000201: Pooled optimizer source reported [BasicHolder[java.lang.Long[0]]] as the initial value; use of 1 or greater highly recommended
2023-12-30T14:43:43.829+01:00  INFO 32660 --- [Pool-1-worker-1] o.s.s.web.DefaultSecurityFilterChain     : Will secure any request with [org.springframework.security.web.session.DisableEncodeUrlFilter@3a0389e, org.springframework.security.web.context.request.async.WebAsyncManagerIntegrationFilter@5303d5c0, org.springframework.security.web.context.SecurityContextHolderFilter@202f2ed8, org.springframework.security.web.header.HeaderWriterFilter@1a970d73, org.springframework.security.web.csrf.CsrfFilter@25567228, org.springframework.security.web.authentication.logout.LogoutFilter@142593c, org.springframework.security.web.authentication.UsernamePasswordAuthenticationFilter@1038181c, org.springframework.security.web.savedrequest.RequestCacheAwareFilter@36fecfc7, org.springframework.security.web.servletapi.SecurityContextHolderAwareRequestFilter@7a1c83b7, org.springframework.security.web.authentication.AnonymousAuthenticationFilter@64cd6ae4, org.springframework.security.web.access.ExceptionTranslationFilter@2dcc2c5b, org.springframework.security.web.access.intercept.AuthorizationFilter@5f9d1c98]
2023-12-30T14:43:43.882+01:00  INFO 32660 --- [Pool-1-worker-1] o.s.b.t.m.w.SpringBootMockServletContext : Initializing Spring TestDispatcherServlet ''
2023-12-30T14:43:43.882+01:00  INFO 32660 --- [Pool-1-worker-1] o.s.t.web.servlet.TestDispatcherServlet  : Initializing Servlet ''
2023-12-30T14:43:43.882+01:00  INFO 32660 --- [Pool-1-worker-1] o.s.t.web.servlet.TestDispatcherServlet  : Completed initialization in 0 ms
2023-12-30T14:43:43.886+01:00  INFO 32660 --- [Pool-1-worker-1] i.s.a.integration.SessionPresenterTest   : Started SessionPresenterTest in 0.393 seconds (process running for 34.297)
2023-12-30T14:43:43.902+01:00  INFO 32660 --- [Pool-1-worker-1] j.LocalContainerEntityManagerFactoryBean : Closing JPA EntityManagerFactory for persistence unit 'default'
2023-12-30T14:43:43.903+01:00  INFO 32660 --- [Pool-1-worker-1] com.zaxxer.hikari.HikariDataSource       : HikariPool-43 - Shutdown initiated...
2023-12-30T14:43:43.916+01:00  INFO 32660 --- [Pool-1-worker-1] com.zaxxer.hikari.HikariDataSource       : HikariPool-43 - Shutdown completed.
]]></system-out>
  </testcase>
</testsuite>